{"C:\\overseasshoppingwebsite\\shoppingweb\\models\\classification.js":{"path":"C:\\overseasshoppingwebsite\\shoppingweb\\models\\classification.js","statementMap":{"0":{"start":{"line":1,"column":15},"end":{"line":1,"column":34}},"1":{"start":{"line":3,"column":27},"end":{"line":11,"column":37}},"2":{"start":{"line":13,"column":0},"end":{"line":13,"column":72}}},"fnMap":{},"branchMap":{},"s":{"0":1,"1":1,"2":1},"f":{},"b":{},"_coverageSchema":"43e27e138ebf9cfc5966b082cf9a028302ed4184","hash":"7edaf439d8d77f81aa203c3cfa62fafc3451aaf0","contentHash":"495710262704ca8985375aacb31c0e2e502c68bb9abc17adc54f0a9e6beba406"},"C:\\overseasshoppingwebsite\\shoppingweb\\app.js":{"path":"C:\\overseasshoppingwebsite\\shoppingweb\\app.js","statementMap":{"0":{"start":{"line":1,"column":18},"end":{"line":1,"column":40}},"1":{"start":{"line":2,"column":14},"end":{"line":2,"column":32}},"2":{"start":{"line":3,"column":11},"end":{"line":3,"column":26}},"3":{"start":{"line":4,"column":13},"end":{"line":4,"column":30}},"4":{"start":{"line":5,"column":19},"end":{"line":5,"column":43}},"5":{"start":{"line":6,"column":11},"end":{"line":6,"column":26}},"6":{"start":{"line":8,"column":18},"end":{"line":8,"column":43}},"7":{"start":{"line":9,"column":18},"end":{"line":9,"column":43}},"8":{"start":{"line":11,"column":15},"end":{"line":11,"column":34}},"9":{"start":{"line":14,"column":17},"end":{"line":14,"column":88}},"10":{"start":{"line":15,"column":0},"end":{"line":15,"column":77}},"11":{"start":{"line":16,"column":9},"end":{"line":16,"column":28}},"12":{"start":{"line":18,"column":0},"end":{"line":20,"column":3}},"13":{"start":{"line":19,"column":4},"end":{"line":19,"column":65}},"14":{"start":{"line":22,"column":0},"end":{"line":24,"column":3}},"15":{"start":{"line":23,"column":4},"end":{"line":23,"column":65}},"16":{"start":{"line":26,"column":14},"end":{"line":26,"column":39}},"17":{"start":{"line":27,"column":15},"end":{"line":27,"column":41}},"18":{"start":{"line":28,"column":17},"end":{"line":28,"column":45}},"19":{"start":{"line":29,"column":18},"end":{"line":29,"column":47}},"20":{"start":{"line":30,"column":16},"end":{"line":30,"column":43}},"21":{"start":{"line":31,"column":20},"end":{"line":31,"column":52}},"22":{"start":{"line":32,"column":16},"end":{"line":32,"column":43}},"23":{"start":{"line":33,"column":23},"end":{"line":33,"column":57}},"24":{"start":{"line":34,"column":18},"end":{"line":34,"column":61}},"25":{"start":{"line":35,"column":13},"end":{"line":35,"column":41}},"26":{"start":{"line":37,"column":10},"end":{"line":37,"column":19}},"27":{"start":{"line":40,"column":0},"end":{"line":40,"column":48}},"28":{"start":{"line":41,"column":0},"end":{"line":41,"column":30}},"29":{"start":{"line":44,"column":0},"end":{"line":46,"column":1}},"30":{"start":{"line":45,"column":4},"end":{"line":45,"column":27}},"31":{"start":{"line":47,"column":0},"end":{"line":47,"column":24}},"32":{"start":{"line":48,"column":0},"end":{"line":48,"column":49}},"33":{"start":{"line":50,"column":0},"end":{"line":50,"column":47}},"34":{"start":{"line":52,"column":0},"end":{"line":52,"column":56}},"35":{"start":{"line":53,"column":0},"end":{"line":56,"column":4}},"36":{"start":{"line":58,"column":0},"end":{"line":58,"column":26}},"37":{"start":{"line":59,"column":0},"end":{"line":59,"column":31}},"38":{"start":{"line":61,"column":0},"end":{"line":71,"column":3}},"39":{"start":{"line":62,"column":4},"end":{"line":62,"column":71}},"40":{"start":{"line":63,"column":4},"end":{"line":63,"column":125}},"41":{"start":{"line":64,"column":4},"end":{"line":64,"column":77}},"42":{"start":{"line":65,"column":4},"end":{"line":65,"column":57}},"43":{"start":{"line":66,"column":4},"end":{"line":70,"column":5}},"44":{"start":{"line":67,"column":8},"end":{"line":67,"column":21}},"45":{"start":{"line":69,"column":8},"end":{"line":69,"column":14}},"46":{"start":{"line":74,"column":0},"end":{"line":74,"column":42}},"47":{"start":{"line":75,"column":0},"end":{"line":75,"column":39}},"48":{"start":{"line":76,"column":0},"end":{"line":76,"column":41}},"49":{"start":{"line":77,"column":0},"end":{"line":77,"column":40}},"50":{"start":{"line":78,"column":0},"end":{"line":78,"column":78}},"51":{"start":{"line":79,"column":0},"end":{"line":79,"column":84}},"52":{"start":{"line":80,"column":0},"end":{"line":80,"column":107}},"53":{"start":{"line":81,"column":0},"end":{"line":81,"column":97}},"54":{"start":{"line":82,"column":0},"end":{"line":82,"column":110}},"55":{"start":{"line":83,"column":0},"end":{"line":83,"column":100}},"56":{"start":{"line":85,"column":0},"end":{"line":85,"column":77}},"57":{"start":{"line":86,"column":0},"end":{"line":86,"column":81}},"58":{"start":{"line":87,"column":0},"end":{"line":87,"column":86}},"59":{"start":{"line":90,"column":0},"end":{"line":90,"column":44}},"60":{"start":{"line":91,"column":0},"end":{"line":91,"column":41}},"61":{"start":{"line":92,"column":0},"end":{"line":92,"column":41}},"62":{"start":{"line":93,"column":0},"end":{"line":93,"column":59}},"63":{"start":{"line":94,"column":0},"end":{"line":94,"column":66}},"64":{"start":{"line":96,"column":0},"end":{"line":96,"column":72}},"65":{"start":{"line":97,"column":0},"end":{"line":97,"column":70}},"66":{"start":{"line":98,"column":0},"end":{"line":98,"column":54}},"67":{"start":{"line":99,"column":0},"end":{"line":99,"column":63}},"68":{"start":{"line":101,"column":0},"end":{"line":101,"column":68}},"69":{"start":{"line":102,"column":0},"end":{"line":102,"column":50}},"70":{"start":{"line":105,"column":0},"end":{"line":105,"column":80}},"71":{"start":{"line":106,"column":0},"end":{"line":106,"column":40}},"72":{"start":{"line":108,"column":0},"end":{"line":108,"column":90}},"73":{"start":{"line":109,"column":0},"end":{"line":109,"column":86}},"74":{"start":{"line":110,"column":0},"end":{"line":110,"column":79}},"75":{"start":{"line":111,"column":0},"end":{"line":111,"column":69}},"76":{"start":{"line":112,"column":0},"end":{"line":112,"column":91}},"77":{"start":{"line":113,"column":0},"end":{"line":113,"column":76}},"78":{"start":{"line":115,"column":0},"end":{"line":115,"column":64}},"79":{"start":{"line":118,"column":0},"end":{"line":118,"column":48}},"80":{"start":{"line":119,"column":0},"end":{"line":119,"column":45}},"81":{"start":{"line":120,"column":0},"end":{"line":120,"column":45}},"82":{"start":{"line":121,"column":0},"end":{"line":121,"column":67}},"83":{"start":{"line":122,"column":0},"end":{"line":122,"column":87}},"84":{"start":{"line":123,"column":0},"end":{"line":123,"column":77}},"85":{"start":{"line":124,"column":0},"end":{"line":124,"column":99}},"86":{"start":{"line":125,"column":0},"end":{"line":125,"column":84}},"87":{"start":{"line":126,"column":0},"end":{"line":126,"column":57}},"88":{"start":{"line":127,"column":0},"end":{"line":127,"column":62}},"89":{"start":{"line":128,"column":0},"end":{"line":128,"column":52}},"90":{"start":{"line":129,"column":0},"end":{"line":129,"column":64}},"91":{"start":{"line":130,"column":0},"end":{"line":130,"column":49}},"92":{"start":{"line":134,"column":0},"end":{"line":136,"column":3}},"93":{"start":{"line":135,"column":2},"end":{"line":135,"column":25}},"94":{"start":{"line":139,"column":0},"end":{"line":147,"column":3}},"95":{"start":{"line":141,"column":2},"end":{"line":141,"column":35}},"96":{"start":{"line":142,"column":2},"end":{"line":142,"column":69}},"97":{"start":{"line":145,"column":2},"end":{"line":145,"column":32}},"98":{"start":{"line":146,"column":2},"end":{"line":146,"column":22}},"99":{"start":{"line":149,"column":0},"end":{"line":149,"column":21}}},"fnMap":{"0":{"name":"(anonymous_0)","decl":{"start":{"line":18,"column":15},"end":{"line":18,"column":16}},"loc":{"start":{"line":18,"column":30},"end":{"line":20,"column":1}},"line":18},"1":{"name":"(anonymous_1)","decl":{"start":{"line":22,"column":16},"end":{"line":22,"column":17}},"loc":{"start":{"line":22,"column":28},"end":{"line":24,"column":1}},"line":22},"2":{"name":"(anonymous_2)","decl":{"start":{"line":61,"column":13},"end":{"line":61,"column":14}},"loc":{"start":{"line":61,"column":39},"end":{"line":71,"column":1}},"line":61},"3":{"name":"(anonymous_3)","decl":{"start":{"line":134,"column":8},"end":{"line":134,"column":9}},"loc":{"start":{"line":134,"column":33},"end":{"line":136,"column":1}},"line":134},"4":{"name":"(anonymous_4)","decl":{"start":{"line":139,"column":8},"end":{"line":139,"column":9}},"loc":{"start":{"line":139,"column":38},"end":{"line":147,"column":1}},"line":139}},"branchMap":{"0":{"loc":{"start":{"line":44,"column":0},"end":{"line":46,"column":1}},"type":"if","locations":[{"start":{"line":44,"column":0},"end":{"line":46,"column":1}},{"start":{"line":44,"column":0},"end":{"line":46,"column":1}}],"line":44},"1":{"loc":{"start":{"line":66,"column":4},"end":{"line":70,"column":5}},"type":"if","locations":[{"start":{"line":66,"column":4},"end":{"line":70,"column":5}},{"start":{"line":66,"column":4},"end":{"line":70,"column":5}}],"line":66},"2":{"loc":{"start":{"line":142,"column":21},"end":{"line":142,"column":68}},"type":"cond-expr","locations":[{"start":{"line":142,"column":60},"end":{"line":142,"column":63}},{"start":{"line":142,"column":66},"end":{"line":142,"column":68}}],"line":142},"3":{"loc":{"start":{"line":145,"column":13},"end":{"line":145,"column":30}},"type":"binary-expr","locations":[{"start":{"line":145,"column":13},"end":{"line":145,"column":23}},{"start":{"line":145,"column":27},"end":{"line":145,"column":30}}],"line":145}},"s":{"0":1,"1":1,"2":1,"3":1,"4":1,"5":1,"6":1,"7":1,"8":1,"9":1,"10":1,"11":1,"12":1,"13":0,"14":1,"15":1,"16":1,"17":1,"18":1,"19":1,"20":1,"21":1,"22":1,"23":1,"24":1,"25":1,"26":1,"27":1,"28":1,"29":1,"30":0,"31":1,"32":1,"33":1,"34":1,"35":1,"36":1,"37":1,"38":1,"39":6,"40":6,"41":6,"42":6,"43":6,"44":0,"45":6,"46":1,"47":1,"48":1,"49":1,"50":1,"51":1,"52":1,"53":1,"54":1,"55":1,"56":1,"57":1,"58":1,"59":1,"60":1,"61":1,"62":1,"63":1,"64":1,"65":1,"66":1,"67":1,"68":1,"69":1,"70":1,"71":1,"72":1,"73":1,"74":1,"75":1,"76":1,"77":1,"78":1,"79":1,"80":1,"81":1,"82":1,"83":1,"84":1,"85":1,"86":1,"87":1,"88":1,"89":1,"90":1,"91":1,"92":1,"93":0,"94":1,"95":0,"96":0,"97":0,"98":0,"99":1},"f":{"0":0,"1":1,"2":6,"3":0,"4":0},"b":{"0":[0,1],"1":[0,6],"2":[0,0],"3":[0,0]},"_coverageSchema":"43e27e138ebf9cfc5966b082cf9a028302ed4184","hash":"b9a93a63b5830f7ca5b23b81dd70e9f53496181c","contentHash":"e66e2dd797bd2ac2e40d7e56981f7ec2b5f929f061afe14cb1ad9fa6cfd85554"},"C:\\overseasshoppingwebsite\\shoppingweb\\routes\\index.js":{"path":"C:\\overseasshoppingwebsite\\shoppingweb\\routes\\index.js","statementMap":{"0":{"start":{"line":1,"column":14},"end":{"line":1,"column":32}},"1":{"start":{"line":2,"column":13},"end":{"line":2,"column":29}},"2":{"start":{"line":5,"column":0},"end":{"line":7,"column":3}},"3":{"start":{"line":6,"column":2},"end":{"line":6,"column":62}},"4":{"start":{"line":9,"column":0},"end":{"line":9,"column":24}}},"fnMap":{"0":{"name":"(anonymous_0)","decl":{"start":{"line":5,"column":16},"end":{"line":5,"column":17}},"loc":{"start":{"line":5,"column":41},"end":{"line":7,"column":1}},"line":5}},"branchMap":{},"s":{"0":1,"1":1,"2":1,"3":0,"4":1},"f":{"0":0},"b":{},"_coverageSchema":"43e27e138ebf9cfc5966b082cf9a028302ed4184","hash":"e0773a3dfcbd344bd57b2d9178fcd0b7115448f8","contentHash":"8299e123a9c89897de840c96e3abea27acb1713db8d307f4998feaa974216ece"},"C:\\overseasshoppingwebsite\\shoppingweb\\routes\\users.js":{"path":"C:\\overseasshoppingwebsite\\shoppingweb\\routes\\users.js","statementMap":{"0":{"start":{"line":1,"column":14},"end":{"line":1,"column":32}},"1":{"start":{"line":2,"column":13},"end":{"line":2,"column":29}},"2":{"start":{"line":5,"column":0},"end":{"line":7,"column":3}},"3":{"start":{"line":6,"column":2},"end":{"line":6,"column":38}},"4":{"start":{"line":9,"column":0},"end":{"line":9,"column":24}}},"fnMap":{"0":{"name":"(anonymous_0)","decl":{"start":{"line":5,"column":16},"end":{"line":5,"column":17}},"loc":{"start":{"line":5,"column":41},"end":{"line":7,"column":1}},"line":5}},"branchMap":{},"s":{"0":1,"1":1,"2":1,"3":0,"4":1},"f":{"0":0},"b":{},"_coverageSchema":"43e27e138ebf9cfc5966b082cf9a028302ed4184","hash":"84796c991835cfdbbacd781f7a8e3e76fd926214","contentHash":"868fb28ae64caa320754bbfa8713505e37f245d7137baeaec5049313cc9b1421"},"C:\\overseasshoppingwebsite\\shoppingweb\\routes\\admin.js":{"path":"C:\\overseasshoppingwebsite\\shoppingweb\\routes\\admin.js","statementMap":{"0":{"start":{"line":1,"column":12},"end":{"line":1,"column":47}},"1":{"start":{"line":2,"column":13},"end":{"line":2,"column":37}},"2":{"start":{"line":3,"column":14},"end":{"line":3,"column":32}},"3":{"start":{"line":4,"column":13},"end":{"line":4,"column":29}},"4":{"start":{"line":8,"column":0},"end":{"line":61,"column":2}},"5":{"start":{"line":9,"column":4},"end":{"line":9,"column":54}},"6":{"start":{"line":11,"column":21},"end":{"line":11,"column":75}},"7":{"start":{"line":12,"column":16},"end":{"line":12,"column":27}},"8":{"start":{"line":13,"column":4},"end":{"line":13,"column":39}},"9":{"start":{"line":14,"column":4},"end":{"line":14,"column":31}},"10":{"start":{"line":15,"column":4},"end":{"line":15,"column":37}},"11":{"start":{"line":16,"column":4},"end":{"line":16,"column":56}},"12":{"start":{"line":19,"column":4},"end":{"line":60,"column":5}},"13":{"start":{"line":20,"column":8},"end":{"line":20,"column":74}},"14":{"start":{"line":21,"column":11},"end":{"line":60,"column":5}},"15":{"start":{"line":22,"column":8},"end":{"line":22,"column":62}},"16":{"start":{"line":24,"column":9},"end":{"line":60,"column":5}},"17":{"start":{"line":25,"column":8},"end":{"line":25,"column":91}},"18":{"start":{"line":26,"column":11},"end":{"line":60,"column":5}},"19":{"start":{"line":27,"column":8},"end":{"line":27,"column":114}},"20":{"start":{"line":38,"column":9},"end":{"line":60,"column":5}},"21":{"start":{"line":39,"column":8},"end":{"line":39,"column":65}},"22":{"start":{"line":41,"column":8},"end":{"line":59,"column":11}},"23":{"start":{"line":42,"column":12},"end":{"line":58,"column":13}},"24":{"start":{"line":43,"column":16},"end":{"line":43,"column":64}},"25":{"start":{"line":49,"column":16},"end":{"line":57,"column":19}},"26":{"start":{"line":50,"column":20},"end":{"line":56,"column":21}},"27":{"start":{"line":51,"column":24},"end":{"line":51,"column":96}},"28":{"start":{"line":52,"column":24},"end":{"line":52,"column":54}},"29":{"start":{"line":54,"column":24},"end":{"line":54,"column":96}},"30":{"start":{"line":55,"column":24},"end":{"line":55,"column":54}},"31":{"start":{"line":70,"column":0},"end":{"line":95,"column":2}},"32":{"start":{"line":71,"column":4},"end":{"line":71,"column":54}},"33":{"start":{"line":73,"column":4},"end":{"line":94,"column":7}},"34":{"start":{"line":74,"column":8},"end":{"line":93,"column":9}},"35":{"start":{"line":75,"column":12},"end":{"line":75,"column":66}},"36":{"start":{"line":76,"column":15},"end":{"line":93,"column":9}},"37":{"start":{"line":77,"column":12},"end":{"line":77,"column":52}},"38":{"start":{"line":79,"column":12},"end":{"line":92,"column":85}},"39":{"start":{"line":83,"column":16},"end":{"line":87,"column":19}},"40":{"start":{"line":88,"column":16},"end":{"line":88,"column":81}},"41":{"start":{"line":89,"column":16},"end":{"line":89,"column":40}},"42":{"start":{"line":92,"column":16},"end":{"line":92,"column":85}},"43":{"start":{"line":97,"column":0},"end":{"line":109,"column":2}},"44":{"start":{"line":98,"column":4},"end":{"line":98,"column":54}},"45":{"start":{"line":100,"column":4},"end":{"line":107,"column":5}},"46":{"start":{"line":101,"column":8},"end":{"line":101,"column":35}},"47":{"start":{"line":102,"column":8},"end":{"line":102,"column":31}},"48":{"start":{"line":103,"column":8},"end":{"line":103,"column":47}},"49":{"start":{"line":106,"column":8},"end":{"line":106,"column":54}},"50":{"start":{"line":111,"column":0},"end":{"line":145,"column":2}},"51":{"start":{"line":112,"column":4},"end":{"line":112,"column":54}},"52":{"start":{"line":114,"column":21},"end":{"line":114,"column":75}},"53":{"start":{"line":116,"column":4},"end":{"line":144,"column":5}},"54":{"start":{"line":117,"column":8},"end":{"line":117,"column":74}},"55":{"start":{"line":118,"column":11},"end":{"line":144,"column":5}},"56":{"start":{"line":119,"column":8},"end":{"line":119,"column":62}},"57":{"start":{"line":120,"column":11},"end":{"line":144,"column":5}},"58":{"start":{"line":121,"column":8},"end":{"line":121,"column":102}},"59":{"start":{"line":122,"column":11},"end":{"line":144,"column":5}},"60":{"start":{"line":123,"column":8},"end":{"line":123,"column":124}},"61":{"start":{"line":125,"column":20},"end":{"line":129,"column":10}},"62":{"start":{"line":132,"column":8},"end":{"line":143,"column":15}},"63":{"start":{"line":138,"column":16},"end":{"line":142,"column":17}},"64":{"start":{"line":139,"column":20},"end":{"line":139,"column":73}},"65":{"start":{"line":141,"column":20},"end":{"line":141,"column":83}},"66":{"start":{"line":147,"column":0},"end":{"line":175,"column":2}},"67":{"start":{"line":148,"column":4},"end":{"line":148,"column":54}},"68":{"start":{"line":150,"column":21},"end":{"line":150,"column":75}},"69":{"start":{"line":152,"column":4},"end":{"line":174,"column":5}},"70":{"start":{"line":153,"column":8},"end":{"line":153,"column":74}},"71":{"start":{"line":154,"column":11},"end":{"line":174,"column":5}},"72":{"start":{"line":155,"column":8},"end":{"line":155,"column":62}},"73":{"start":{"line":157,"column":20},"end":{"line":160,"column":10}},"74":{"start":{"line":163,"column":8},"end":{"line":173,"column":15}},"75":{"start":{"line":168,"column":16},"end":{"line":172,"column":17}},"76":{"start":{"line":169,"column":20},"end":{"line":169,"column":73}},"77":{"start":{"line":171,"column":20},"end":{"line":171,"column":83}},"78":{"start":{"line":177,"column":0},"end":{"line":187,"column":2}},"79":{"start":{"line":178,"column":4},"end":{"line":178,"column":54}},"80":{"start":{"line":180,"column":4},"end":{"line":186,"column":7}},"81":{"start":{"line":181,"column":8},"end":{"line":185,"column":9}},"82":{"start":{"line":182,"column":12},"end":{"line":182,"column":71}},"83":{"start":{"line":184,"column":12},"end":{"line":184,"column":36}},"84":{"start":{"line":189,"column":0},"end":{"line":189,"column":24}}},"fnMap":{"0":{"name":"(anonymous_0)","decl":{"start":{"line":8,"column":16},"end":{"line":8,"column":17}},"loc":{"start":{"line":8,"column":30},"end":{"line":61,"column":1}},"line":8},"1":{"name":"(anonymous_1)","decl":{"start":{"line":41,"column":55},"end":{"line":41,"column":56}},"loc":{"start":{"line":41,"column":85},"end":{"line":59,"column":9}},"line":41},"2":{"name":"(anonymous_2)","decl":{"start":{"line":49,"column":27},"end":{"line":49,"column":28}},"loc":{"start":{"line":49,"column":42},"end":{"line":57,"column":17}},"line":49},"3":{"name":"(anonymous_3)","decl":{"start":{"line":70,"column":16},"end":{"line":70,"column":17}},"loc":{"start":{"line":70,"column":30},"end":{"line":95,"column":1}},"line":70},"4":{"name":"(anonymous_4)","decl":{"start":{"line":73,"column":49},"end":{"line":73,"column":50}},"loc":{"start":{"line":73,"column":79},"end":{"line":94,"column":5}},"line":73},"5":{"name":"(anonymous_5)","decl":{"start":{"line":97,"column":17},"end":{"line":97,"column":18}},"loc":{"start":{"line":97,"column":31},"end":{"line":109,"column":1}},"line":97},"6":{"name":"(anonymous_6)","decl":{"start":{"line":111,"column":26},"end":{"line":111,"column":27}},"loc":{"start":{"line":111,"column":40},"end":{"line":145,"column":1}},"line":111},"7":{"name":"(anonymous_7)","decl":{"start":{"line":137,"column":12},"end":{"line":137,"column":13}},"loc":{"start":{"line":137,"column":34},"end":{"line":143,"column":13}},"line":137},"8":{"name":"(anonymous_8)","decl":{"start":{"line":147,"column":29},"end":{"line":147,"column":30}},"loc":{"start":{"line":147,"column":43},"end":{"line":175,"column":1}},"line":147},"9":{"name":"(anonymous_9)","decl":{"start":{"line":167,"column":12},"end":{"line":167,"column":13}},"loc":{"start":{"line":167,"column":34},"end":{"line":173,"column":13}},"line":167},"10":{"name":"(anonymous_10)","decl":{"start":{"line":177,"column":17},"end":{"line":177,"column":18}},"loc":{"start":{"line":177,"column":31},"end":{"line":187,"column":1}},"line":177},"11":{"name":"(anonymous_11)","decl":{"start":{"line":180,"column":37},"end":{"line":180,"column":38}},"loc":{"start":{"line":180,"column":58},"end":{"line":186,"column":5}},"line":180}},"branchMap":{"0":{"loc":{"start":{"line":19,"column":4},"end":{"line":60,"column":5}},"type":"if","locations":[{"start":{"line":19,"column":4},"end":{"line":60,"column":5}},{"start":{"line":19,"column":4},"end":{"line":60,"column":5}}],"line":19},"1":{"loc":{"start":{"line":19,"column":7},"end":{"line":19,"column":77}},"type":"binary-expr","locations":[{"start":{"line":19,"column":7},"end":{"line":19,"column":29}},{"start":{"line":19,"column":33},"end":{"line":19,"column":55}},{"start":{"line":19,"column":59},"end":{"line":19,"column":77}}],"line":19},"2":{"loc":{"start":{"line":21,"column":11},"end":{"line":60,"column":5}},"type":"if","locations":[{"start":{"line":21,"column":11},"end":{"line":60,"column":5}},{"start":{"line":21,"column":11},"end":{"line":60,"column":5}}],"line":21},"3":{"loc":{"start":{"line":24,"column":9},"end":{"line":60,"column":5}},"type":"if","locations":[{"start":{"line":24,"column":9},"end":{"line":60,"column":5}},{"start":{"line":24,"column":9},"end":{"line":60,"column":5}}],"line":24},"4":{"loc":{"start":{"line":24,"column":12},"end":{"line":24,"column":77}},"type":"binary-expr","locations":[{"start":{"line":24,"column":13},"end":{"line":24,"column":41}},{"start":{"line":24,"column":47},"end":{"line":24,"column":76}}],"line":24},"5":{"loc":{"start":{"line":26,"column":11},"end":{"line":60,"column":5}},"type":"if","locations":[{"start":{"line":26,"column":11},"end":{"line":60,"column":5}},{"start":{"line":26,"column":11},"end":{"line":60,"column":5}}],"line":26},"6":{"loc":{"start":{"line":38,"column":9},"end":{"line":60,"column":5}},"type":"if","locations":[{"start":{"line":38,"column":9},"end":{"line":60,"column":5}},{"start":{"line":38,"column":9},"end":{"line":60,"column":5}}],"line":38},"7":{"loc":{"start":{"line":42,"column":12},"end":{"line":58,"column":13}},"type":"if","locations":[{"start":{"line":42,"column":12},"end":{"line":58,"column":13}},{"start":{"line":42,"column":12},"end":{"line":58,"column":13}}],"line":42},"8":{"loc":{"start":{"line":50,"column":20},"end":{"line":56,"column":21}},"type":"if","locations":[{"start":{"line":50,"column":20},"end":{"line":56,"column":21}},{"start":{"line":50,"column":20},"end":{"line":56,"column":21}}],"line":50},"9":{"loc":{"start":{"line":74,"column":8},"end":{"line":93,"column":9}},"type":"if","locations":[{"start":{"line":74,"column":8},"end":{"line":93,"column":9}},{"start":{"line":74,"column":8},"end":{"line":93,"column":9}}],"line":74},"10":{"loc":{"start":{"line":76,"column":15},"end":{"line":93,"column":9}},"type":"if","locations":[{"start":{"line":76,"column":15},"end":{"line":93,"column":9}},{"start":{"line":76,"column":15},"end":{"line":93,"column":9}}],"line":76},"11":{"loc":{"start":{"line":79,"column":12},"end":{"line":92,"column":85}},"type":"if","locations":[{"start":{"line":79,"column":12},"end":{"line":92,"column":85}},{"start":{"line":79,"column":12},"end":{"line":92,"column":85}}],"line":79},"12":{"loc":{"start":{"line":100,"column":4},"end":{"line":107,"column":5}},"type":"if","locations":[{"start":{"line":100,"column":4},"end":{"line":107,"column":5}},{"start":{"line":100,"column":4},"end":{"line":107,"column":5}}],"line":100},"13":{"loc":{"start":{"line":116,"column":4},"end":{"line":144,"column":5}},"type":"if","locations":[{"start":{"line":116,"column":4},"end":{"line":144,"column":5}},{"start":{"line":116,"column":4},"end":{"line":144,"column":5}}],"line":116},"14":{"loc":{"start":{"line":116,"column":7},"end":{"line":116,"column":86}},"type":"binary-expr","locations":[{"start":{"line":116,"column":7},"end":{"line":116,"column":32}},{"start":{"line":116,"column":36},"end":{"line":116,"column":61}},{"start":{"line":116,"column":65},"end":{"line":116,"column":86}}],"line":116},"15":{"loc":{"start":{"line":118,"column":11},"end":{"line":144,"column":5}},"type":"if","locations":[{"start":{"line":118,"column":11},"end":{"line":144,"column":5}},{"start":{"line":118,"column":11},"end":{"line":144,"column":5}}],"line":118},"16":{"loc":{"start":{"line":120,"column":11},"end":{"line":144,"column":5}},"type":"if","locations":[{"start":{"line":120,"column":11},"end":{"line":144,"column":5}},{"start":{"line":120,"column":11},"end":{"line":144,"column":5}}],"line":120},"17":{"loc":{"start":{"line":120,"column":14},"end":{"line":120,"column":79}},"type":"binary-expr","locations":[{"start":{"line":120,"column":15},"end":{"line":120,"column":43}},{"start":{"line":120,"column":49},"end":{"line":120,"column":78}}],"line":120},"18":{"loc":{"start":{"line":122,"column":11},"end":{"line":144,"column":5}},"type":"if","locations":[{"start":{"line":122,"column":11},"end":{"line":144,"column":5}},{"start":{"line":122,"column":11},"end":{"line":144,"column":5}}],"line":122},"19":{"loc":{"start":{"line":138,"column":16},"end":{"line":142,"column":17}},"type":"if","locations":[{"start":{"line":138,"column":16},"end":{"line":142,"column":17}},{"start":{"line":138,"column":16},"end":{"line":142,"column":17}}],"line":138},"20":{"loc":{"start":{"line":152,"column":4},"end":{"line":174,"column":5}},"type":"if","locations":[{"start":{"line":152,"column":4},"end":{"line":174,"column":5}},{"start":{"line":152,"column":4},"end":{"line":174,"column":5}}],"line":152},"21":{"loc":{"start":{"line":152,"column":7},"end":{"line":152,"column":86}},"type":"binary-expr","locations":[{"start":{"line":152,"column":7},"end":{"line":152,"column":32}},{"start":{"line":152,"column":36},"end":{"line":152,"column":61}},{"start":{"line":152,"column":65},"end":{"line":152,"column":86}}],"line":152},"22":{"loc":{"start":{"line":154,"column":11},"end":{"line":174,"column":5}},"type":"if","locations":[{"start":{"line":154,"column":11},"end":{"line":174,"column":5}},{"start":{"line":154,"column":11},"end":{"line":174,"column":5}}],"line":154},"23":{"loc":{"start":{"line":168,"column":16},"end":{"line":172,"column":17}},"type":"if","locations":[{"start":{"line":168,"column":16},"end":{"line":172,"column":17}},{"start":{"line":168,"column":16},"end":{"line":172,"column":17}}],"line":168},"24":{"loc":{"start":{"line":181,"column":8},"end":{"line":185,"column":9}},"type":"if","locations":[{"start":{"line":181,"column":8},"end":{"line":185,"column":9}},{"start":{"line":181,"column":8},"end":{"line":185,"column":9}}],"line":181}},"s":{"0":1,"1":1,"2":1,"3":1,"4":1,"5":0,"6":0,"7":0,"8":0,"9":0,"10":0,"11":0,"12":0,"13":0,"14":0,"15":0,"16":0,"17":0,"18":0,"19":0,"20":0,"21":0,"22":0,"23":0,"24":0,"25":0,"26":0,"27":0,"28":0,"29":0,"30":0,"31":1,"32":0,"33":0,"34":0,"35":0,"36":0,"37":0,"38":0,"39":0,"40":0,"41":0,"42":0,"43":1,"44":0,"45":0,"46":0,"47":0,"48":0,"49":0,"50":1,"51":0,"52":0,"53":0,"54":0,"55":0,"56":0,"57":0,"58":0,"59":0,"60":0,"61":0,"62":0,"63":0,"64":0,"65":0,"66":1,"67":0,"68":0,"69":0,"70":0,"71":0,"72":0,"73":0,"74":0,"75":0,"76":0,"77":0,"78":1,"79":0,"80":0,"81":0,"82":0,"83":0,"84":1},"f":{"0":0,"1":0,"2":0,"3":0,"4":0,"5":0,"6":0,"7":0,"8":0,"9":0,"10":0,"11":0},"b":{"0":[0,0],"1":[0,0,0],"2":[0,0],"3":[0,0],"4":[0,0],"5":[0,0],"6":[0,0],"7":[0,0],"8":[0,0],"9":[0,0],"10":[0,0],"11":[0,0],"12":[0,0],"13":[0,0],"14":[0,0,0],"15":[0,0],"16":[0,0],"17":[0,0],"18":[0,0],"19":[0,0],"20":[0,0],"21":[0,0,0],"22":[0,0],"23":[0,0],"24":[0,0]},"_coverageSchema":"43e27e138ebf9cfc5966b082cf9a028302ed4184","hash":"0b742ca9f70cf10f58c56c738bb5ba3159b96750","contentHash":"4f0c2cbb2e0ab86e03dafbdbf7f59b241b24838288debd923d04882c0d4eb502"},"C:\\overseasshoppingwebsite\\shoppingweb\\models\\administrators.js":{"path":"C:\\overseasshoppingwebsite\\shoppingweb\\models\\administrators.js","statementMap":{"0":{"start":{"line":1,"column":15},"end":{"line":1,"column":34}},"1":{"start":{"line":5,"column":18},"end":{"line":12,"column":28}},"2":{"start":{"line":14,"column":0},"end":{"line":14,"column":54}}},"fnMap":{},"branchMap":{},"s":{"0":1,"1":1,"2":1},"f":{},"b":{},"_coverageSchema":"43e27e138ebf9cfc5966b082cf9a028302ed4184","hash":"d7b5f985dd0022a46c0ed3db433a5d88ef2e14b8","contentHash":"bef303c2be614008bdfd570777a63d534637623669831544ac565bfeae0fc3ce"},"C:\\overseasshoppingwebsite\\shoppingweb\\routes\\seller.js":{"path":"C:\\overseasshoppingwebsite\\shoppingweb\\routes\\seller.js","statementMap":{"0":{"start":{"line":1,"column":13},"end":{"line":1,"column":41}},"1":{"start":{"line":2,"column":11},"end":{"line":2,"column":37}},"2":{"start":{"line":3,"column":13},"end":{"line":3,"column":37}},"3":{"start":{"line":4,"column":14},"end":{"line":4,"column":32}},"4":{"start":{"line":5,"column":13},"end":{"line":5,"column":29}},"5":{"start":{"line":7,"column":13},"end":{"line":7,"column":57}},"6":{"start":{"line":8,"column":13},"end":{"line":8,"column":44}},"7":{"start":{"line":9,"column":13},"end":{"line":9,"column":30}},"8":{"start":{"line":12,"column":15},"end":{"line":12,"column":62}},"9":{"start":{"line":13,"column":4},"end":{"line":13,"column":26}},"10":{"start":{"line":14,"column":15},"end":{"line":14,"column":33}},"11":{"start":{"line":15,"column":4},"end":{"line":15,"column":16}},"12":{"start":{"line":18,"column":0},"end":{"line":80,"column":2}},"13":{"start":{"line":19,"column":4},"end":{"line":19,"column":54}},"14":{"start":{"line":21,"column":21},"end":{"line":21,"column":75}},"15":{"start":{"line":22,"column":15},"end":{"line":22,"column":45}},"16":{"start":{"line":23,"column":17},"end":{"line":23,"column":29}},"17":{"start":{"line":24,"column":4},"end":{"line":24,"column":40}},"18":{"start":{"line":25,"column":4},"end":{"line":25,"column":57}},"19":{"start":{"line":26,"column":4},"end":{"line":26,"column":32}},"20":{"start":{"line":27,"column":4},"end":{"line":27,"column":46}},"21":{"start":{"line":28,"column":4},"end":{"line":28,"column":38}},"22":{"start":{"line":29,"column":4},"end":{"line":29,"column":30}},"23":{"start":{"line":32,"column":4},"end":{"line":79,"column":5}},"24":{"start":{"line":33,"column":8},"end":{"line":33,"column":79}},"25":{"start":{"line":35,"column":9},"end":{"line":79,"column":5}},"26":{"start":{"line":36,"column":8},"end":{"line":36,"column":61}},"27":{"start":{"line":38,"column":9},"end":{"line":79,"column":5}},"28":{"start":{"line":39,"column":8},"end":{"line":39,"column":90}},"29":{"start":{"line":40,"column":11},"end":{"line":79,"column":5}},"30":{"start":{"line":41,"column":8},"end":{"line":41,"column":113}},"31":{"start":{"line":52,"column":9},"end":{"line":79,"column":5}},"32":{"start":{"line":53,"column":8},"end":{"line":53,"column":75}},"33":{"start":{"line":54,"column":11},"end":{"line":79,"column":5}},"34":{"start":{"line":55,"column":8},"end":{"line":55,"column":67}},"35":{"start":{"line":57,"column":8},"end":{"line":78,"column":11}},"36":{"start":{"line":58,"column":12},"end":{"line":77,"column":13}},"37":{"start":{"line":59,"column":16},"end":{"line":59,"column":63}},"38":{"start":{"line":61,"column":16},"end":{"line":76,"column":19}},"39":{"start":{"line":62,"column":20},"end":{"line":75,"column":21}},"40":{"start":{"line":63,"column":24},"end":{"line":63,"column":70}},"41":{"start":{"line":65,"column":24},"end":{"line":74,"column":27}},"42":{"start":{"line":66,"column":28},"end":{"line":73,"column":29}},"43":{"start":{"line":67,"column":32},"end":{"line":67,"column":96}},"44":{"start":{"line":68,"column":32},"end":{"line":68,"column":62}},"45":{"start":{"line":70,"column":32},"end":{"line":70,"column":91}},"46":{"start":{"line":71,"column":32},"end":{"line":71,"column":98}},"47":{"start":{"line":72,"column":32},"end":{"line":72,"column":62}},"48":{"start":{"line":82,"column":0},"end":{"line":101,"column":2}},"49":{"start":{"line":83,"column":4},"end":{"line":83,"column":54}},"50":{"start":{"line":85,"column":4},"end":{"line":100,"column":7}},"51":{"start":{"line":86,"column":8},"end":{"line":99,"column":9}},"52":{"start":{"line":87,"column":12},"end":{"line":87,"column":54}},"53":{"start":{"line":88,"column":15},"end":{"line":99,"column":9}},"54":{"start":{"line":89,"column":12},"end":{"line":89,"column":58}},"55":{"start":{"line":90,"column":12},"end":{"line":90,"column":71}},"56":{"start":{"line":92,"column":12},"end":{"line":98,"column":15}},"57":{"start":{"line":93,"column":16},"end":{"line":97,"column":17}},"58":{"start":{"line":94,"column":20},"end":{"line":94,"column":46}},"59":{"start":{"line":96,"column":20},"end":{"line":96,"column":83}},"60":{"start":{"line":110,"column":0},"end":{"line":134,"column":2}},"61":{"start":{"line":111,"column":4},"end":{"line":111,"column":54}},"62":{"start":{"line":113,"column":4},"end":{"line":133,"column":7}},"63":{"start":{"line":114,"column":8},"end":{"line":132,"column":9}},"64":{"start":{"line":115,"column":12},"end":{"line":115,"column":65}},"65":{"start":{"line":116,"column":15},"end":{"line":132,"column":9}},"66":{"start":{"line":117,"column":12},"end":{"line":117,"column":50}},"67":{"start":{"line":119,"column":12},"end":{"line":131,"column":85}},"68":{"start":{"line":123,"column":16},"end":{"line":127,"column":19}},"69":{"start":{"line":128,"column":16},"end":{"line":128,"column":74}},"70":{"start":{"line":131,"column":16},"end":{"line":131,"column":85}},"71":{"start":{"line":136,"column":0},"end":{"line":148,"column":2}},"72":{"start":{"line":137,"column":4},"end":{"line":137,"column":54}},"73":{"start":{"line":139,"column":4},"end":{"line":146,"column":5}},"74":{"start":{"line":140,"column":8},"end":{"line":140,"column":35}},"75":{"start":{"line":141,"column":8},"end":{"line":141,"column":31}},"76":{"start":{"line":142,"column":8},"end":{"line":142,"column":47}},"77":{"start":{"line":145,"column":8},"end":{"line":145,"column":54}},"78":{"start":{"line":150,"column":0},"end":{"line":179,"column":2}},"79":{"start":{"line":151,"column":4},"end":{"line":151,"column":54}},"80":{"start":{"line":153,"column":4},"end":{"line":178,"column":5}},"81":{"start":{"line":154,"column":8},"end":{"line":154,"column":102}},"82":{"start":{"line":155,"column":11},"end":{"line":178,"column":5}},"83":{"start":{"line":156,"column":8},"end":{"line":156,"column":124}},"84":{"start":{"line":158,"column":21},"end":{"line":163,"column":10}},"85":{"start":{"line":166,"column":8},"end":{"line":177,"column":15}},"86":{"start":{"line":172,"column":16},"end":{"line":176,"column":17}},"87":{"start":{"line":173,"column":20},"end":{"line":173,"column":73}},"88":{"start":{"line":175,"column":20},"end":{"line":175,"column":84}},"89":{"start":{"line":181,"column":0},"end":{"line":205,"column":2}},"90":{"start":{"line":182,"column":4},"end":{"line":182,"column":54}},"91":{"start":{"line":184,"column":17},"end":{"line":189,"column":6}},"92":{"start":{"line":191,"column":4},"end":{"line":204,"column":11}},"93":{"start":{"line":199,"column":12},"end":{"line":203,"column":13}},"94":{"start":{"line":200,"column":16},"end":{"line":200,"column":71}},"95":{"start":{"line":202,"column":16},"end":{"line":202,"column":82}},"96":{"start":{"line":207,"column":0},"end":{"line":221,"column":2}},"97":{"start":{"line":208,"column":4},"end":{"line":208,"column":54}},"98":{"start":{"line":210,"column":15},"end":{"line":212,"column":5}},"99":{"start":{"line":214,"column":4},"end":{"line":220,"column":7}},"100":{"start":{"line":215,"column":8},"end":{"line":219,"column":9}},"101":{"start":{"line":216,"column":12},"end":{"line":216,"column":64}},"102":{"start":{"line":218,"column":12},"end":{"line":218,"column":37}},"103":{"start":{"line":223,"column":0},"end":{"line":223,"column":24}}},"fnMap":{"0":{"name":"encryptCode","decl":{"start":{"line":11,"column":9},"end":{"line":11,"column":20}},"loc":{"start":{"line":11,"column":31},"end":{"line":16,"column":1}},"line":11},"1":{"name":"(anonymous_1)","decl":{"start":{"line":18,"column":16},"end":{"line":18,"column":17}},"loc":{"start":{"line":18,"column":30},"end":{"line":80,"column":1}},"line":18},"2":{"name":"(anonymous_2)","decl":{"start":{"line":57,"column":56},"end":{"line":57,"column":57}},"loc":{"start":{"line":57,"column":79},"end":{"line":78,"column":9}},"line":57},"3":{"name":"(anonymous_3)","decl":{"start":{"line":61,"column":56},"end":{"line":61,"column":57}},"loc":{"start":{"line":61,"column":77},"end":{"line":76,"column":17}},"line":61},"4":{"name":"(anonymous_4)","decl":{"start":{"line":65,"column":36},"end":{"line":65,"column":37}},"loc":{"start":{"line":65,"column":51},"end":{"line":74,"column":25}},"line":65},"5":{"name":"(anonymous_5)","decl":{"start":{"line":82,"column":16},"end":{"line":82,"column":17}},"loc":{"start":{"line":82,"column":30},"end":{"line":101,"column":1}},"line":82},"6":{"name":"(anonymous_6)","decl":{"start":{"line":85,"column":50},"end":{"line":85,"column":51}},"loc":{"start":{"line":85,"column":73},"end":{"line":100,"column":5}},"line":85},"7":{"name":"(anonymous_7)","decl":{"start":{"line":92,"column":75},"end":{"line":92,"column":76}},"loc":{"start":{"line":92,"column":99},"end":{"line":98,"column":13}},"line":92},"8":{"name":"(anonymous_8)","decl":{"start":{"line":110,"column":16},"end":{"line":110,"column":17}},"loc":{"start":{"line":110,"column":30},"end":{"line":134,"column":1}},"line":110},"9":{"name":"(anonymous_9)","decl":{"start":{"line":113,"column":50},"end":{"line":113,"column":51}},"loc":{"start":{"line":113,"column":73},"end":{"line":133,"column":5}},"line":113},"10":{"name":"(anonymous_10)","decl":{"start":{"line":136,"column":17},"end":{"line":136,"column":18}},"loc":{"start":{"line":136,"column":31},"end":{"line":148,"column":1}},"line":136},"11":{"name":"(anonymous_11)","decl":{"start":{"line":150,"column":21},"end":{"line":150,"column":22}},"loc":{"start":{"line":150,"column":35},"end":{"line":179,"column":1}},"line":150},"12":{"name":"(anonymous_12)","decl":{"start":{"line":171,"column":12},"end":{"line":171,"column":13}},"loc":{"start":{"line":171,"column":35},"end":{"line":177,"column":13}},"line":171},"13":{"name":"(anonymous_13)","decl":{"start":{"line":181,"column":32},"end":{"line":181,"column":33}},"loc":{"start":{"line":181,"column":46},"end":{"line":205,"column":1}},"line":181},"14":{"name":"(anonymous_14)","decl":{"start":{"line":198,"column":8},"end":{"line":198,"column":9}},"loc":{"start":{"line":198,"column":31},"end":{"line":204,"column":9}},"line":198},"15":{"name":"(anonymous_15)","decl":{"start":{"line":207,"column":16},"end":{"line":207,"column":17}},"loc":{"start":{"line":207,"column":30},"end":{"line":221,"column":1}},"line":207},"16":{"name":"(anonymous_16)","decl":{"start":{"line":214,"column":60},"end":{"line":214,"column":61}},"loc":{"start":{"line":214,"column":81},"end":{"line":220,"column":5}},"line":214}},"branchMap":{"0":{"loc":{"start":{"line":32,"column":4},"end":{"line":79,"column":5}},"type":"if","locations":[{"start":{"line":32,"column":4},"end":{"line":79,"column":5}},{"start":{"line":32,"column":4},"end":{"line":79,"column":5}}],"line":32},"1":{"loc":{"start":{"line":32,"column":7},"end":{"line":32,"column":80}},"type":"binary-expr","locations":[{"start":{"line":32,"column":7},"end":{"line":32,"column":30}},{"start":{"line":32,"column":34},"end":{"line":32,"column":57}},{"start":{"line":32,"column":61},"end":{"line":32,"column":80}}],"line":32},"2":{"loc":{"start":{"line":35,"column":9},"end":{"line":79,"column":5}},"type":"if","locations":[{"start":{"line":35,"column":9},"end":{"line":79,"column":5}},{"start":{"line":35,"column":9},"end":{"line":79,"column":5}}],"line":35},"3":{"loc":{"start":{"line":38,"column":9},"end":{"line":79,"column":5}},"type":"if","locations":[{"start":{"line":38,"column":9},"end":{"line":79,"column":5}},{"start":{"line":38,"column":9},"end":{"line":79,"column":5}}],"line":38},"4":{"loc":{"start":{"line":38,"column":12},"end":{"line":38,"column":77}},"type":"binary-expr","locations":[{"start":{"line":38,"column":13},"end":{"line":38,"column":41}},{"start":{"line":38,"column":47},"end":{"line":38,"column":76}}],"line":38},"5":{"loc":{"start":{"line":40,"column":11},"end":{"line":79,"column":5}},"type":"if","locations":[{"start":{"line":40,"column":11},"end":{"line":79,"column":5}},{"start":{"line":40,"column":11},"end":{"line":79,"column":5}}],"line":40},"6":{"loc":{"start":{"line":52,"column":9},"end":{"line":79,"column":5}},"type":"if","locations":[{"start":{"line":52,"column":9},"end":{"line":79,"column":5}},{"start":{"line":52,"column":9},"end":{"line":79,"column":5}}],"line":52},"7":{"loc":{"start":{"line":54,"column":11},"end":{"line":79,"column":5}},"type":"if","locations":[{"start":{"line":54,"column":11},"end":{"line":79,"column":5}},{"start":{"line":54,"column":11},"end":{"line":79,"column":5}}],"line":54},"8":{"loc":{"start":{"line":58,"column":12},"end":{"line":77,"column":13}},"type":"if","locations":[{"start":{"line":58,"column":12},"end":{"line":77,"column":13}},{"start":{"line":58,"column":12},"end":{"line":77,"column":13}}],"line":58},"9":{"loc":{"start":{"line":62,"column":20},"end":{"line":75,"column":21}},"type":"if","locations":[{"start":{"line":62,"column":20},"end":{"line":75,"column":21}},{"start":{"line":62,"column":20},"end":{"line":75,"column":21}}],"line":62},"10":{"loc":{"start":{"line":66,"column":28},"end":{"line":73,"column":29}},"type":"if","locations":[{"start":{"line":66,"column":28},"end":{"line":73,"column":29}},{"start":{"line":66,"column":28},"end":{"line":73,"column":29}}],"line":66},"11":{"loc":{"start":{"line":86,"column":8},"end":{"line":99,"column":9}},"type":"if","locations":[{"start":{"line":86,"column":8},"end":{"line":99,"column":9}},{"start":{"line":86,"column":8},"end":{"line":99,"column":9}}],"line":86},"12":{"loc":{"start":{"line":88,"column":15},"end":{"line":99,"column":9}},"type":"if","locations":[{"start":{"line":88,"column":15},"end":{"line":99,"column":9}},{"start":{"line":88,"column":15},"end":{"line":99,"column":9}}],"line":88},"13":{"loc":{"start":{"line":93,"column":16},"end":{"line":97,"column":17}},"type":"if","locations":[{"start":{"line":93,"column":16},"end":{"line":97,"column":17}},{"start":{"line":93,"column":16},"end":{"line":97,"column":17}}],"line":93},"14":{"loc":{"start":{"line":114,"column":8},"end":{"line":132,"column":9}},"type":"if","locations":[{"start":{"line":114,"column":8},"end":{"line":132,"column":9}},{"start":{"line":114,"column":8},"end":{"line":132,"column":9}}],"line":114},"15":{"loc":{"start":{"line":116,"column":15},"end":{"line":132,"column":9}},"type":"if","locations":[{"start":{"line":116,"column":15},"end":{"line":132,"column":9}},{"start":{"line":116,"column":15},"end":{"line":132,"column":9}}],"line":116},"16":{"loc":{"start":{"line":119,"column":12},"end":{"line":131,"column":85}},"type":"if","locations":[{"start":{"line":119,"column":12},"end":{"line":131,"column":85}},{"start":{"line":119,"column":12},"end":{"line":131,"column":85}}],"line":119},"17":{"loc":{"start":{"line":139,"column":4},"end":{"line":146,"column":5}},"type":"if","locations":[{"start":{"line":139,"column":4},"end":{"line":146,"column":5}},{"start":{"line":139,"column":4},"end":{"line":146,"column":5}}],"line":139},"18":{"loc":{"start":{"line":153,"column":4},"end":{"line":178,"column":5}},"type":"if","locations":[{"start":{"line":153,"column":4},"end":{"line":178,"column":5}},{"start":{"line":153,"column":4},"end":{"line":178,"column":5}}],"line":153},"19":{"loc":{"start":{"line":153,"column":7},"end":{"line":153,"column":72}},"type":"binary-expr","locations":[{"start":{"line":153,"column":8},"end":{"line":153,"column":36}},{"start":{"line":153,"column":42},"end":{"line":153,"column":71}}],"line":153},"20":{"loc":{"start":{"line":155,"column":11},"end":{"line":178,"column":5}},"type":"if","locations":[{"start":{"line":155,"column":11},"end":{"line":178,"column":5}},{"start":{"line":155,"column":11},"end":{"line":178,"column":5}}],"line":155},"21":{"loc":{"start":{"line":172,"column":16},"end":{"line":176,"column":17}},"type":"if","locations":[{"start":{"line":172,"column":16},"end":{"line":176,"column":17}},{"start":{"line":172,"column":16},"end":{"line":176,"column":17}}],"line":172},"22":{"loc":{"start":{"line":199,"column":12},"end":{"line":203,"column":13}},"type":"if","locations":[{"start":{"line":199,"column":12},"end":{"line":203,"column":13}},{"start":{"line":199,"column":12},"end":{"line":203,"column":13}}],"line":199},"23":{"loc":{"start":{"line":215,"column":8},"end":{"line":219,"column":9}},"type":"if","locations":[{"start":{"line":215,"column":8},"end":{"line":219,"column":9}},{"start":{"line":215,"column":8},"end":{"line":219,"column":9}}],"line":215}},"s":{"0":1,"1":1,"2":1,"3":1,"4":1,"5":1,"6":1,"7":1,"8":0,"9":0,"10":0,"11":0,"12":1,"13":0,"14":0,"15":0,"16":0,"17":0,"18":0,"19":0,"20":0,"21":0,"22":0,"23":0,"24":0,"25":0,"26":0,"27":0,"28":0,"29":0,"30":0,"31":0,"32":0,"33":0,"34":0,"35":0,"36":0,"37":0,"38":0,"39":0,"40":0,"41":0,"42":0,"43":0,"44":0,"45":0,"46":0,"47":0,"48":1,"49":0,"50":0,"51":0,"52":0,"53":0,"54":0,"55":0,"56":0,"57":0,"58":0,"59":0,"60":1,"61":0,"62":0,"63":0,"64":0,"65":0,"66":0,"67":0,"68":0,"69":0,"70":0,"71":1,"72":0,"73":0,"74":0,"75":0,"76":0,"77":0,"78":1,"79":0,"80":0,"81":0,"82":0,"83":0,"84":0,"85":0,"86":0,"87":0,"88":0,"89":1,"90":0,"91":0,"92":0,"93":0,"94":0,"95":0,"96":1,"97":0,"98":0,"99":0,"100":0,"101":0,"102":0,"103":1},"f":{"0":0,"1":0,"2":0,"3":0,"4":0,"5":0,"6":0,"7":0,"8":0,"9":0,"10":0,"11":0,"12":0,"13":0,"14":0,"15":0,"16":0},"b":{"0":[0,0],"1":[0,0,0],"2":[0,0],"3":[0,0],"4":[0,0],"5":[0,0],"6":[0,0],"7":[0,0],"8":[0,0],"9":[0,0],"10":[0,0],"11":[0,0],"12":[0,0],"13":[0,0],"14":[0,0],"15":[0,0],"16":[0,0],"17":[0,0],"18":[0,0],"19":[0,0],"20":[0,0],"21":[0,0],"22":[0,0],"23":[0,0]},"_coverageSchema":"43e27e138ebf9cfc5966b082cf9a028302ed4184","hash":"801fe93e4830c4506bf93c71a18a9845b759c3ca","contentHash":"de7bce0cb375ff67b41bfdb61d1f4b244902752faf8237264e9b957c8343beb6"},"C:\\overseasshoppingwebsite\\shoppingweb\\models\\sellers.js":{"path":"C:\\overseasshoppingwebsite\\shoppingweb\\models\\sellers.js","statementMap":{"0":{"start":{"line":1,"column":15},"end":{"line":1,"column":34}},"1":{"start":{"line":5,"column":19},"end":{"line":16,"column":29}},"2":{"start":{"line":18,"column":0},"end":{"line":18,"column":56}}},"fnMap":{},"branchMap":{},"s":{"0":1,"1":1,"2":1},"f":{},"b":{},"_coverageSchema":"43e27e138ebf9cfc5966b082cf9a028302ed4184","hash":"6f2fab248332237ac359d86be9d9cde89026fca6","contentHash":"28eb5dca5f19815569f691caf6b39d43a7b3435194af9b6911dc524c3b0cf398"},"C:\\overseasshoppingwebsite\\shoppingweb\\models\\logos.js":{"path":"C:\\overseasshoppingwebsite\\shoppingweb\\models\\logos.js","statementMap":{"0":{"start":{"line":1,"column":15},"end":{"line":1,"column":34}},"1":{"start":{"line":5,"column":17},"end":{"line":11,"column":27}},"2":{"start":{"line":13,"column":0},"end":{"line":13,"column":52}}},"fnMap":{},"branchMap":{},"s":{"0":1,"1":1,"2":1},"f":{},"b":{},"_coverageSchema":"43e27e138ebf9cfc5966b082cf9a028302ed4184","hash":"781c6c5f15b6ef34d06d751adfa133cd8eba2fc3","contentHash":"41c6d020141a5b160ef893bde4a1783d50d569e3e8f9cb962b4451d7784c29e6"},"C:\\overseasshoppingwebsite\\shoppingweb\\routes\\customer.js":{"path":"C:\\overseasshoppingwebsite\\shoppingweb\\routes\\customer.js","statementMap":{"0":{"start":{"line":1,"column":15},"end":{"line":1,"column":45}},"1":{"start":{"line":2,"column":11},"end":{"line":2,"column":37}},"2":{"start":{"line":3,"column":13},"end":{"line":3,"column":37}},"3":{"start":{"line":4,"column":14},"end":{"line":4,"column":32}},"4":{"start":{"line":5,"column":13},"end":{"line":5,"column":29}},"5":{"start":{"line":7,"column":13},"end":{"line":7,"column":57}},"6":{"start":{"line":8,"column":13},"end":{"line":8,"column":44}},"7":{"start":{"line":9,"column":13},"end":{"line":9,"column":30}},"8":{"start":{"line":12,"column":15},"end":{"line":12,"column":62}},"9":{"start":{"line":13,"column":4},"end":{"line":13,"column":26}},"10":{"start":{"line":14,"column":15},"end":{"line":14,"column":33}},"11":{"start":{"line":15,"column":4},"end":{"line":15,"column":16}},"12":{"start":{"line":18,"column":0},"end":{"line":78,"column":2}},"13":{"start":{"line":19,"column":4},"end":{"line":19,"column":54}},"14":{"start":{"line":21,"column":21},"end":{"line":21,"column":75}},"15":{"start":{"line":22,"column":15},"end":{"line":22,"column":45}},"16":{"start":{"line":24,"column":19},"end":{"line":24,"column":33}},"17":{"start":{"line":25,"column":4},"end":{"line":25,"column":42}},"18":{"start":{"line":26,"column":4},"end":{"line":26,"column":59}},"19":{"start":{"line":27,"column":4},"end":{"line":27,"column":34}},"20":{"start":{"line":28,"column":4},"end":{"line":28,"column":40}},"21":{"start":{"line":29,"column":4},"end":{"line":29,"column":32}},"22":{"start":{"line":32,"column":4},"end":{"line":77,"column":5}},"23":{"start":{"line":33,"column":8},"end":{"line":33,"column":92}},"24":{"start":{"line":35,"column":9},"end":{"line":77,"column":5}},"25":{"start":{"line":36,"column":8},"end":{"line":36,"column":74}},"26":{"start":{"line":38,"column":9},"end":{"line":77,"column":5}},"27":{"start":{"line":39,"column":8},"end":{"line":39,"column":103}},"28":{"start":{"line":40,"column":11},"end":{"line":77,"column":5}},"29":{"start":{"line":41,"column":8},"end":{"line":41,"column":126}},"30":{"start":{"line":52,"column":9},"end":{"line":77,"column":5}},"31":{"start":{"line":53,"column":8},"end":{"line":53,"column":80}},"32":{"start":{"line":55,"column":8},"end":{"line":76,"column":11}},"33":{"start":{"line":56,"column":12},"end":{"line":75,"column":13}},"34":{"start":{"line":57,"column":16},"end":{"line":57,"column":76}},"35":{"start":{"line":59,"column":16},"end":{"line":74,"column":19}},"36":{"start":{"line":60,"column":20},"end":{"line":73,"column":21}},"37":{"start":{"line":61,"column":24},"end":{"line":61,"column":83}},"38":{"start":{"line":63,"column":24},"end":{"line":72,"column":27}},"39":{"start":{"line":64,"column":28},"end":{"line":71,"column":29}},"40":{"start":{"line":65,"column":32},"end":{"line":65,"column":111}},"41":{"start":{"line":66,"column":32},"end":{"line":66,"column":62}},"42":{"start":{"line":68,"column":32},"end":{"line":68,"column":96}},"43":{"start":{"line":69,"column":32},"end":{"line":69,"column":141}},"44":{"start":{"line":70,"column":32},"end":{"line":70,"column":62}},"45":{"start":{"line":80,"column":0},"end":{"line":99,"column":2}},"46":{"start":{"line":81,"column":4},"end":{"line":81,"column":54}},"47":{"start":{"line":83,"column":4},"end":{"line":98,"column":7}},"48":{"start":{"line":84,"column":8},"end":{"line":97,"column":9}},"49":{"start":{"line":85,"column":12},"end":{"line":85,"column":54}},"50":{"start":{"line":86,"column":15},"end":{"line":97,"column":9}},"51":{"start":{"line":87,"column":12},"end":{"line":87,"column":62}},"52":{"start":{"line":88,"column":12},"end":{"line":88,"column":71}},"53":{"start":{"line":90,"column":12},"end":{"line":96,"column":15}},"54":{"start":{"line":91,"column":16},"end":{"line":95,"column":17}},"55":{"start":{"line":92,"column":20},"end":{"line":92,"column":46}},"56":{"start":{"line":94,"column":20},"end":{"line":94,"column":85}},"57":{"start":{"line":109,"column":0},"end":{"line":134,"column":2}},"58":{"start":{"line":110,"column":4},"end":{"line":110,"column":54}},"59":{"start":{"line":112,"column":4},"end":{"line":133,"column":7}},"60":{"start":{"line":113,"column":8},"end":{"line":132,"column":9}},"61":{"start":{"line":114,"column":12},"end":{"line":114,"column":66}},"62":{"start":{"line":115,"column":15},"end":{"line":132,"column":9}},"63":{"start":{"line":116,"column":12},"end":{"line":116,"column":63}},"64":{"start":{"line":118,"column":12},"end":{"line":131,"column":85}},"65":{"start":{"line":122,"column":16},"end":{"line":126,"column":19}},"66":{"start":{"line":127,"column":16},"end":{"line":127,"column":76}},"67":{"start":{"line":128,"column":16},"end":{"line":128,"column":40}},"68":{"start":{"line":131,"column":16},"end":{"line":131,"column":85}},"69":{"start":{"line":136,"column":0},"end":{"line":148,"column":2}},"70":{"start":{"line":137,"column":4},"end":{"line":137,"column":54}},"71":{"start":{"line":139,"column":4},"end":{"line":146,"column":5}},"72":{"start":{"line":140,"column":8},"end":{"line":140,"column":35}},"73":{"start":{"line":141,"column":8},"end":{"line":141,"column":31}},"74":{"start":{"line":142,"column":8},"end":{"line":142,"column":47}},"75":{"start":{"line":145,"column":8},"end":{"line":145,"column":54}},"76":{"start":{"line":150,"column":0},"end":{"line":178,"column":2}},"77":{"start":{"line":151,"column":4},"end":{"line":151,"column":54}},"78":{"start":{"line":153,"column":4},"end":{"line":177,"column":5}},"79":{"start":{"line":154,"column":8},"end":{"line":154,"column":102}},"80":{"start":{"line":155,"column":11},"end":{"line":177,"column":5}},"81":{"start":{"line":156,"column":8},"end":{"line":156,"column":124}},"82":{"start":{"line":158,"column":23},"end":{"line":162,"column":10}},"83":{"start":{"line":164,"column":8},"end":{"line":176,"column":15}},"84":{"start":{"line":171,"column":16},"end":{"line":175,"column":17}},"85":{"start":{"line":172,"column":20},"end":{"line":172,"column":75}},"86":{"start":{"line":174,"column":20},"end":{"line":174,"column":88}},"87":{"start":{"line":180,"column":0},"end":{"line":202,"column":2}},"88":{"start":{"line":181,"column":4},"end":{"line":181,"column":54}},"89":{"start":{"line":183,"column":19},"end":{"line":187,"column":6}},"90":{"start":{"line":189,"column":4},"end":{"line":201,"column":11}},"91":{"start":{"line":196,"column":12},"end":{"line":200,"column":13}},"92":{"start":{"line":197,"column":16},"end":{"line":197,"column":71}},"93":{"start":{"line":199,"column":16},"end":{"line":199,"column":84}},"94":{"start":{"line":204,"column":0},"end":{"line":217,"column":2}},"95":{"start":{"line":205,"column":4},"end":{"line":205,"column":54}},"96":{"start":{"line":207,"column":15},"end":{"line":209,"column":5}},"97":{"start":{"line":210,"column":4},"end":{"line":216,"column":7}},"98":{"start":{"line":211,"column":8},"end":{"line":215,"column":9}},"99":{"start":{"line":212,"column":12},"end":{"line":212,"column":66}},"100":{"start":{"line":214,"column":12},"end":{"line":214,"column":39}},"101":{"start":{"line":219,"column":0},"end":{"line":219,"column":24}}},"fnMap":{"0":{"name":"encryptCode","decl":{"start":{"line":11,"column":9},"end":{"line":11,"column":20}},"loc":{"start":{"line":11,"column":31},"end":{"line":16,"column":1}},"line":11},"1":{"name":"(anonymous_1)","decl":{"start":{"line":18,"column":16},"end":{"line":18,"column":17}},"loc":{"start":{"line":18,"column":30},"end":{"line":78,"column":1}},"line":18},"2":{"name":"(anonymous_2)","decl":{"start":{"line":55,"column":58},"end":{"line":55,"column":59}},"loc":{"start":{"line":55,"column":79},"end":{"line":76,"column":9}},"line":55},"3":{"name":"(anonymous_3)","decl":{"start":{"line":59,"column":58},"end":{"line":59,"column":59}},"loc":{"start":{"line":59,"column":81},"end":{"line":74,"column":17}},"line":59},"4":{"name":"(anonymous_4)","decl":{"start":{"line":63,"column":38},"end":{"line":63,"column":39}},"loc":{"start":{"line":63,"column":53},"end":{"line":72,"column":25}},"line":63},"5":{"name":"(anonymous_5)","decl":{"start":{"line":80,"column":16},"end":{"line":80,"column":17}},"loc":{"start":{"line":80,"column":30},"end":{"line":99,"column":1}},"line":80},"6":{"name":"(anonymous_6)","decl":{"start":{"line":83,"column":52},"end":{"line":83,"column":53}},"loc":{"start":{"line":83,"column":77},"end":{"line":98,"column":5}},"line":83},"7":{"name":"(anonymous_7)","decl":{"start":{"line":90,"column":79},"end":{"line":90,"column":80}},"loc":{"start":{"line":90,"column":105},"end":{"line":96,"column":13}},"line":90},"8":{"name":"(anonymous_8)","decl":{"start":{"line":109,"column":16},"end":{"line":109,"column":17}},"loc":{"start":{"line":109,"column":30},"end":{"line":134,"column":1}},"line":109},"9":{"name":"(anonymous_9)","decl":{"start":{"line":112,"column":52},"end":{"line":112,"column":53}},"loc":{"start":{"line":112,"column":77},"end":{"line":133,"column":5}},"line":112},"10":{"name":"(anonymous_10)","decl":{"start":{"line":136,"column":17},"end":{"line":136,"column":18}},"loc":{"start":{"line":136,"column":31},"end":{"line":148,"column":1}},"line":136},"11":{"name":"(anonymous_11)","decl":{"start":{"line":150,"column":21},"end":{"line":150,"column":22}},"loc":{"start":{"line":150,"column":35},"end":{"line":178,"column":1}},"line":150},"12":{"name":"(anonymous_12)","decl":{"start":{"line":170,"column":12},"end":{"line":170,"column":13}},"loc":{"start":{"line":170,"column":37},"end":{"line":176,"column":13}},"line":170},"13":{"name":"(anonymous_13)","decl":{"start":{"line":180,"column":32},"end":{"line":180,"column":33}},"loc":{"start":{"line":180,"column":46},"end":{"line":202,"column":1}},"line":180},"14":{"name":"(anonymous_14)","decl":{"start":{"line":195,"column":8},"end":{"line":195,"column":9}},"loc":{"start":{"line":195,"column":33},"end":{"line":201,"column":9}},"line":195},"15":{"name":"(anonymous_15)","decl":{"start":{"line":204,"column":16},"end":{"line":204,"column":17}},"loc":{"start":{"line":204,"column":30},"end":{"line":217,"column":1}},"line":204},"16":{"name":"(anonymous_16)","decl":{"start":{"line":210,"column":64},"end":{"line":210,"column":65}},"loc":{"start":{"line":210,"column":87},"end":{"line":216,"column":5}},"line":210}},"branchMap":{"0":{"loc":{"start":{"line":32,"column":4},"end":{"line":77,"column":5}},"type":"if","locations":[{"start":{"line":32,"column":4},"end":{"line":77,"column":5}},{"start":{"line":32,"column":4},"end":{"line":77,"column":5}}],"line":32},"1":{"loc":{"start":{"line":32,"column":7},"end":{"line":32,"column":86}},"type":"binary-expr","locations":[{"start":{"line":32,"column":7},"end":{"line":32,"column":32}},{"start":{"line":32,"column":36},"end":{"line":32,"column":61}},{"start":{"line":32,"column":65},"end":{"line":32,"column":86}}],"line":32},"2":{"loc":{"start":{"line":35,"column":9},"end":{"line":77,"column":5}},"type":"if","locations":[{"start":{"line":35,"column":9},"end":{"line":77,"column":5}},{"start":{"line":35,"column":9},"end":{"line":77,"column":5}}],"line":35},"3":{"loc":{"start":{"line":38,"column":9},"end":{"line":77,"column":5}},"type":"if","locations":[{"start":{"line":38,"column":9},"end":{"line":77,"column":5}},{"start":{"line":38,"column":9},"end":{"line":77,"column":5}}],"line":38},"4":{"loc":{"start":{"line":38,"column":12},"end":{"line":38,"column":77}},"type":"binary-expr","locations":[{"start":{"line":38,"column":13},"end":{"line":38,"column":41}},{"start":{"line":38,"column":47},"end":{"line":38,"column":76}}],"line":38},"5":{"loc":{"start":{"line":40,"column":11},"end":{"line":77,"column":5}},"type":"if","locations":[{"start":{"line":40,"column":11},"end":{"line":77,"column":5}},{"start":{"line":40,"column":11},"end":{"line":77,"column":5}}],"line":40},"6":{"loc":{"start":{"line":52,"column":9},"end":{"line":77,"column":5}},"type":"if","locations":[{"start":{"line":52,"column":9},"end":{"line":77,"column":5}},{"start":{"line":52,"column":9},"end":{"line":77,"column":5}}],"line":52},"7":{"loc":{"start":{"line":56,"column":12},"end":{"line":75,"column":13}},"type":"if","locations":[{"start":{"line":56,"column":12},"end":{"line":75,"column":13}},{"start":{"line":56,"column":12},"end":{"line":75,"column":13}}],"line":56},"8":{"loc":{"start":{"line":60,"column":20},"end":{"line":73,"column":21}},"type":"if","locations":[{"start":{"line":60,"column":20},"end":{"line":73,"column":21}},{"start":{"line":60,"column":20},"end":{"line":73,"column":21}}],"line":60},"9":{"loc":{"start":{"line":64,"column":28},"end":{"line":71,"column":29}},"type":"if","locations":[{"start":{"line":64,"column":28},"end":{"line":71,"column":29}},{"start":{"line":64,"column":28},"end":{"line":71,"column":29}}],"line":64},"10":{"loc":{"start":{"line":84,"column":8},"end":{"line":97,"column":9}},"type":"if","locations":[{"start":{"line":84,"column":8},"end":{"line":97,"column":9}},{"start":{"line":84,"column":8},"end":{"line":97,"column":9}}],"line":84},"11":{"loc":{"start":{"line":86,"column":15},"end":{"line":97,"column":9}},"type":"if","locations":[{"start":{"line":86,"column":15},"end":{"line":97,"column":9}},{"start":{"line":86,"column":15},"end":{"line":97,"column":9}}],"line":86},"12":{"loc":{"start":{"line":91,"column":16},"end":{"line":95,"column":17}},"type":"if","locations":[{"start":{"line":91,"column":16},"end":{"line":95,"column":17}},{"start":{"line":91,"column":16},"end":{"line":95,"column":17}}],"line":91},"13":{"loc":{"start":{"line":113,"column":8},"end":{"line":132,"column":9}},"type":"if","locations":[{"start":{"line":113,"column":8},"end":{"line":132,"column":9}},{"start":{"line":113,"column":8},"end":{"line":132,"column":9}}],"line":113},"14":{"loc":{"start":{"line":115,"column":15},"end":{"line":132,"column":9}},"type":"if","locations":[{"start":{"line":115,"column":15},"end":{"line":132,"column":9}},{"start":{"line":115,"column":15},"end":{"line":132,"column":9}}],"line":115},"15":{"loc":{"start":{"line":118,"column":12},"end":{"line":131,"column":85}},"type":"if","locations":[{"start":{"line":118,"column":12},"end":{"line":131,"column":85}},{"start":{"line":118,"column":12},"end":{"line":131,"column":85}}],"line":118},"16":{"loc":{"start":{"line":139,"column":4},"end":{"line":146,"column":5}},"type":"if","locations":[{"start":{"line":139,"column":4},"end":{"line":146,"column":5}},{"start":{"line":139,"column":4},"end":{"line":146,"column":5}}],"line":139},"17":{"loc":{"start":{"line":153,"column":4},"end":{"line":177,"column":5}},"type":"if","locations":[{"start":{"line":153,"column":4},"end":{"line":177,"column":5}},{"start":{"line":153,"column":4},"end":{"line":177,"column":5}}],"line":153},"18":{"loc":{"start":{"line":153,"column":7},"end":{"line":153,"column":72}},"type":"binary-expr","locations":[{"start":{"line":153,"column":8},"end":{"line":153,"column":36}},{"start":{"line":153,"column":42},"end":{"line":153,"column":71}}],"line":153},"19":{"loc":{"start":{"line":155,"column":11},"end":{"line":177,"column":5}},"type":"if","locations":[{"start":{"line":155,"column":11},"end":{"line":177,"column":5}},{"start":{"line":155,"column":11},"end":{"line":177,"column":5}}],"line":155},"20":{"loc":{"start":{"line":171,"column":16},"end":{"line":175,"column":17}},"type":"if","locations":[{"start":{"line":171,"column":16},"end":{"line":175,"column":17}},{"start":{"line":171,"column":16},"end":{"line":175,"column":17}}],"line":171},"21":{"loc":{"start":{"line":196,"column":12},"end":{"line":200,"column":13}},"type":"if","locations":[{"start":{"line":196,"column":12},"end":{"line":200,"column":13}},{"start":{"line":196,"column":12},"end":{"line":200,"column":13}}],"line":196},"22":{"loc":{"start":{"line":211,"column":8},"end":{"line":215,"column":9}},"type":"if","locations":[{"start":{"line":211,"column":8},"end":{"line":215,"column":9}},{"start":{"line":211,"column":8},"end":{"line":215,"column":9}}],"line":211}},"s":{"0":1,"1":1,"2":1,"3":1,"4":1,"5":1,"6":1,"7":1,"8":0,"9":0,"10":0,"11":0,"12":1,"13":0,"14":0,"15":0,"16":0,"17":0,"18":0,"19":0,"20":0,"21":0,"22":0,"23":0,"24":0,"25":0,"26":0,"27":0,"28":0,"29":0,"30":0,"31":0,"32":0,"33":0,"34":0,"35":0,"36":0,"37":0,"38":0,"39":0,"40":0,"41":0,"42":0,"43":0,"44":0,"45":1,"46":0,"47":0,"48":0,"49":0,"50":0,"51":0,"52":0,"53":0,"54":0,"55":0,"56":0,"57":1,"58":4,"59":4,"60":4,"61":1,"62":3,"63":1,"64":2,"65":1,"66":1,"67":1,"68":1,"69":1,"70":0,"71":0,"72":0,"73":0,"74":0,"75":0,"76":1,"77":0,"78":0,"79":0,"80":0,"81":0,"82":0,"83":0,"84":0,"85":0,"86":0,"87":1,"88":0,"89":0,"90":0,"91":0,"92":0,"93":0,"94":1,"95":0,"96":0,"97":0,"98":0,"99":0,"100":0,"101":1},"f":{"0":0,"1":0,"2":0,"3":0,"4":0,"5":0,"6":0,"7":0,"8":4,"9":4,"10":0,"11":0,"12":0,"13":0,"14":0,"15":0,"16":0},"b":{"0":[0,0],"1":[0,0,0],"2":[0,0],"3":[0,0],"4":[0,0],"5":[0,0],"6":[0,0],"7":[0,0],"8":[0,0],"9":[0,0],"10":[0,0],"11":[0,0],"12":[0,0],"13":[1,3],"14":[1,2],"15":[1,1],"16":[0,0],"17":[0,0],"18":[0,0],"19":[0,0],"20":[0,0],"21":[0,0],"22":[0,0]},"_coverageSchema":"43e27e138ebf9cfc5966b082cf9a028302ed4184","hash":"6a41cab7f2be6432ebf847ef849232f388880104","contentHash":"14dcda4419a71144d67c750e10c558586f02728b74bb0e4ab46ec6febcc8def0"},"C:\\overseasshoppingwebsite\\shoppingweb\\models\\customers.js":{"path":"C:\\overseasshoppingwebsite\\shoppingweb\\models\\customers.js","statementMap":{"0":{"start":{"line":1,"column":15},"end":{"line":1,"column":34}},"1":{"start":{"line":5,"column":21},"end":{"line":14,"column":31}},"2":{"start":{"line":16,"column":0},"end":{"line":16,"column":60}}},"fnMap":{},"branchMap":{},"s":{"0":1,"1":1,"2":1},"f":{},"b":{},"_coverageSchema":"43e27e138ebf9cfc5966b082cf9a028302ed4184","hash":"fc90d467ac6c0ecc9d40e3f140751ecb3418cb6f","contentHash":"b1f6f818ca0a79365ede0f05f340e7e7bdd491975e7826074abff63abcd634a4"},"C:\\overseasshoppingwebsite\\shoppingweb\\routes\\catalogue.js":{"path":"C:\\overseasshoppingwebsite\\shoppingweb\\routes\\catalogue.js","statementMap":{"0":{"start":{"line":1,"column":16},"end":{"line":1,"column":47}},"1":{"start":{"line":2,"column":14},"end":{"line":2,"column":32}},"2":{"start":{"line":3,"column":13},"end":{"line":3,"column":29}},"3":{"start":{"line":5,"column":0},"end":{"line":28,"column":2}},"4":{"start":{"line":6,"column":4},"end":{"line":6,"column":54}},"5":{"start":{"line":8,"column":20},"end":{"line":8,"column":35}},"6":{"start":{"line":10,"column":4},"end":{"line":27,"column":5}},"7":{"start":{"line":11,"column":8},"end":{"line":11,"column":66}},"8":{"start":{"line":12,"column":11},"end":{"line":27,"column":5}},"9":{"start":{"line":13,"column":8},"end":{"line":13,"column":61}},"10":{"start":{"line":14,"column":11},"end":{"line":27,"column":5}},"11":{"start":{"line":15,"column":8},"end":{"line":15,"column":81}},"12":{"start":{"line":17,"column":8},"end":{"line":17,"column":39}},"13":{"start":{"line":18,"column":8},"end":{"line":18,"column":48}},"14":{"start":{"line":19,"column":8},"end":{"line":19,"column":41}},"15":{"start":{"line":21,"column":8},"end":{"line":26,"column":11}},"16":{"start":{"line":22,"column":12},"end":{"line":25,"column":88}},"17":{"start":{"line":23,"column":16},"end":{"line":23,"column":74}},"18":{"start":{"line":25,"column":16},"end":{"line":25,"column":88}},"19":{"start":{"line":30,"column":0},"end":{"line":56,"column":2}},"20":{"start":{"line":31,"column":4},"end":{"line":31,"column":54}},"21":{"start":{"line":33,"column":20},"end":{"line":33,"column":35}},"22":{"start":{"line":34,"column":4},"end":{"line":34,"column":35}},"23":{"start":{"line":35,"column":4},"end":{"line":35,"column":44}},"24":{"start":{"line":36,"column":4},"end":{"line":36,"column":37}},"25":{"start":{"line":38,"column":4},"end":{"line":55,"column":5}},"26":{"start":{"line":39,"column":8},"end":{"line":39,"column":54}},"27":{"start":{"line":40,"column":11},"end":{"line":55,"column":5}},"28":{"start":{"line":41,"column":8},"end":{"line":41,"column":49}},"29":{"start":{"line":42,"column":11},"end":{"line":55,"column":5}},"30":{"start":{"line":43,"column":8},"end":{"line":43,"column":69}},"31":{"start":{"line":45,"column":8},"end":{"line":54,"column":11}},"32":{"start":{"line":49,"column":16},"end":{"line":53,"column":17}},"33":{"start":{"line":50,"column":20},"end":{"line":50,"column":80}},"34":{"start":{"line":52,"column":20},"end":{"line":52,"column":91}},"35":{"start":{"line":58,"column":0},"end":{"line":68,"column":2}},"36":{"start":{"line":59,"column":4},"end":{"line":59,"column":54}},"37":{"start":{"line":61,"column":4},"end":{"line":67,"column":7}},"38":{"start":{"line":62,"column":8},"end":{"line":66,"column":9}},"39":{"start":{"line":63,"column":12},"end":{"line":63,"column":71}},"40":{"start":{"line":65,"column":12},"end":{"line":65,"column":82}},"41":{"start":{"line":70,"column":0},"end":{"line":80,"column":2}},"42":{"start":{"line":71,"column":4},"end":{"line":71,"column":54}},"43":{"start":{"line":73,"column":4},"end":{"line":79,"column":7}},"44":{"start":{"line":74,"column":8},"end":{"line":78,"column":9}},"45":{"start":{"line":75,"column":12},"end":{"line":75,"column":67}},"46":{"start":{"line":77,"column":12},"end":{"line":77,"column":40}},"47":{"start":{"line":95,"column":0},"end":{"line":95,"column":24}}},"fnMap":{"0":{"name":"(anonymous_0)","decl":{"start":{"line":5,"column":16},"end":{"line":5,"column":17}},"loc":{"start":{"line":5,"column":30},"end":{"line":28,"column":1}},"line":5},"1":{"name":"(anonymous_1)","decl":{"start":{"line":21,"column":23},"end":{"line":21,"column":24}},"loc":{"start":{"line":21,"column":38},"end":{"line":26,"column":9}},"line":21},"2":{"name":"(anonymous_2)","decl":{"start":{"line":30,"column":14},"end":{"line":30,"column":15}},"loc":{"start":{"line":30,"column":28},"end":{"line":56,"column":1}},"line":30},"3":{"name":"(anonymous_3)","decl":{"start":{"line":48,"column":36},"end":{"line":48,"column":37}},"loc":{"start":{"line":48,"column":62},"end":{"line":54,"column":9}},"line":48},"4":{"name":"(anonymous_4)","decl":{"start":{"line":58,"column":16},"end":{"line":58,"column":17}},"loc":{"start":{"line":58,"column":30},"end":{"line":68,"column":1}},"line":58},"5":{"name":"(anonymous_5)","decl":{"start":{"line":61,"column":53},"end":{"line":61,"column":54}},"loc":{"start":{"line":61,"column":77},"end":{"line":67,"column":5}},"line":61},"6":{"name":"(anonymous_6)","decl":{"start":{"line":70,"column":16},"end":{"line":70,"column":17}},"loc":{"start":{"line":70,"column":30},"end":{"line":80,"column":1}},"line":70},"7":{"name":"(anonymous_7)","decl":{"start":{"line":73,"column":51},"end":{"line":73,"column":52}},"loc":{"start":{"line":73,"column":75},"end":{"line":79,"column":5}},"line":73}},"branchMap":{"0":{"loc":{"start":{"line":10,"column":4},"end":{"line":27,"column":5}},"type":"if","locations":[{"start":{"line":10,"column":4},"end":{"line":27,"column":5}},{"start":{"line":10,"column":4},"end":{"line":27,"column":5}}],"line":10},"1":{"loc":{"start":{"line":12,"column":11},"end":{"line":27,"column":5}},"type":"if","locations":[{"start":{"line":12,"column":11},"end":{"line":27,"column":5}},{"start":{"line":12,"column":11},"end":{"line":27,"column":5}}],"line":12},"2":{"loc":{"start":{"line":14,"column":11},"end":{"line":27,"column":5}},"type":"if","locations":[{"start":{"line":14,"column":11},"end":{"line":27,"column":5}},{"start":{"line":14,"column":11},"end":{"line":27,"column":5}}],"line":14},"3":{"loc":{"start":{"line":22,"column":12},"end":{"line":25,"column":88}},"type":"if","locations":[{"start":{"line":22,"column":12},"end":{"line":25,"column":88}},{"start":{"line":22,"column":12},"end":{"line":25,"column":88}}],"line":22},"4":{"loc":{"start":{"line":38,"column":4},"end":{"line":55,"column":5}},"type":"if","locations":[{"start":{"line":38,"column":4},"end":{"line":55,"column":5}},{"start":{"line":38,"column":4},"end":{"line":55,"column":5}}],"line":38},"5":{"loc":{"start":{"line":40,"column":11},"end":{"line":55,"column":5}},"type":"if","locations":[{"start":{"line":40,"column":11},"end":{"line":55,"column":5}},{"start":{"line":40,"column":11},"end":{"line":55,"column":5}}],"line":40},"6":{"loc":{"start":{"line":40,"column":15},"end":{"line":40,"column":59}},"type":"binary-expr","locations":[{"start":{"line":40,"column":15},"end":{"line":40,"column":36}},{"start":{"line":40,"column":40},"end":{"line":40,"column":59}}],"line":40},"7":{"loc":{"start":{"line":42,"column":11},"end":{"line":55,"column":5}},"type":"if","locations":[{"start":{"line":42,"column":11},"end":{"line":55,"column":5}},{"start":{"line":42,"column":11},"end":{"line":55,"column":5}}],"line":42},"8":{"loc":{"start":{"line":49,"column":16},"end":{"line":53,"column":17}},"type":"if","locations":[{"start":{"line":49,"column":16},"end":{"line":53,"column":17}},{"start":{"line":49,"column":16},"end":{"line":53,"column":17}}],"line":49},"9":{"loc":{"start":{"line":62,"column":8},"end":{"line":66,"column":9}},"type":"if","locations":[{"start":{"line":62,"column":8},"end":{"line":66,"column":9}},{"start":{"line":62,"column":8},"end":{"line":66,"column":9}}],"line":62},"10":{"loc":{"start":{"line":74,"column":8},"end":{"line":78,"column":9}},"type":"if","locations":[{"start":{"line":74,"column":8},"end":{"line":78,"column":9}},{"start":{"line":74,"column":8},"end":{"line":78,"column":9}}],"line":74}},"s":{"0":1,"1":1,"2":1,"3":1,"4":0,"5":0,"6":0,"7":0,"8":0,"9":0,"10":0,"11":0,"12":0,"13":0,"14":0,"15":0,"16":0,"17":0,"18":0,"19":1,"20":0,"21":0,"22":0,"23":0,"24":0,"25":0,"26":0,"27":0,"28":0,"29":0,"30":0,"31":0,"32":0,"33":0,"34":0,"35":1,"36":0,"37":0,"38":0,"39":0,"40":0,"41":1,"42":0,"43":0,"44":0,"45":0,"46":0,"47":1},"f":{"0":0,"1":0,"2":0,"3":0,"4":0,"5":0,"6":0,"7":0},"b":{"0":[0,0],"1":[0,0],"2":[0,0],"3":[0,0],"4":[0,0],"5":[0,0],"6":[0,0],"7":[0,0],"8":[0,0],"9":[0,0],"10":[0,0]},"_coverageSchema":"43e27e138ebf9cfc5966b082cf9a028302ed4184","hash":"dd8001bbf24601f3e8fb7f99d5499b3c98da2472","contentHash":"bea1796e2e59f12bbe44058d57b84e1b10e2a190480558f6f4192b4a1914d689"},"C:\\overseasshoppingwebsite\\shoppingweb\\models\\catalogues.js":{"path":"C:\\overseasshoppingwebsite\\shoppingweb\\models\\catalogues.js","statementMap":{"0":{"start":{"line":1,"column":15},"end":{"line":1,"column":34}},"1":{"start":{"line":3,"column":22},"end":{"line":8,"column":32}},"2":{"start":{"line":10,"column":0},"end":{"line":10,"column":62}}},"fnMap":{},"branchMap":{},"s":{"0":1,"1":1,"2":1},"f":{},"b":{},"_coverageSchema":"43e27e138ebf9cfc5966b082cf9a028302ed4184","hash":"779b91d7c2b9f54410ab77d3a7ca91ccae77f706","contentHash":"a276f46498ed25e821fcd0ac708171627bbabccb1d8dc036bb5c0cd823e234f8"},"C:\\overseasshoppingwebsite\\shoppingweb\\routes\\product.js":{"path":"C:\\overseasshoppingwebsite\\shoppingweb\\routes\\product.js","statementMap":{"0":{"start":{"line":1,"column":14},"end":{"line":1,"column":43}},"1":{"start":{"line":2,"column":13},"end":{"line":2,"column":41}},"2":{"start":{"line":3,"column":21},"end":{"line":3,"column":56}},"3":{"start":{"line":4,"column":17},"end":{"line":4,"column":48}},"4":{"start":{"line":5,"column":12},"end":{"line":5,"column":39}},"5":{"start":{"line":6,"column":14},"end":{"line":6,"column":32}},"6":{"start":{"line":7,"column":13},"end":{"line":7,"column":29}},"7":{"start":{"line":9,"column":0},"end":{"line":46,"column":2}},"8":{"start":{"line":10,"column":4},"end":{"line":10,"column":54}},"9":{"start":{"line":12,"column":18},"end":{"line":12,"column":31}},"10":{"start":{"line":14,"column":4},"end":{"line":45,"column":5}},"11":{"start":{"line":15,"column":8},"end":{"line":15,"column":54}},"12":{"start":{"line":16,"column":11},"end":{"line":45,"column":5}},"13":{"start":{"line":17,"column":8},"end":{"line":17,"column":49}},"14":{"start":{"line":18,"column":11},"end":{"line":45,"column":5}},"15":{"start":{"line":19,"column":8},"end":{"line":19,"column":69}},"16":{"start":{"line":20,"column":11},"end":{"line":45,"column":5}},"17":{"start":{"line":21,"column":8},"end":{"line":21,"column":50}},"18":{"start":{"line":22,"column":11},"end":{"line":45,"column":5}},"19":{"start":{"line":23,"column":8},"end":{"line":23,"column":50}},"20":{"start":{"line":24,"column":11},"end":{"line":45,"column":5}},"21":{"start":{"line":25,"column":8},"end":{"line":25,"column":59}},"22":{"start":{"line":26,"column":11},"end":{"line":45,"column":5}},"23":{"start":{"line":27,"column":8},"end":{"line":27,"column":54}},"24":{"start":{"line":29,"column":8},"end":{"line":29,"column":37}},"25":{"start":{"line":30,"column":8},"end":{"line":30,"column":46}},"26":{"start":{"line":31,"column":8},"end":{"line":31,"column":39}},"27":{"start":{"line":32,"column":8},"end":{"line":32,"column":39}},"28":{"start":{"line":33,"column":8},"end":{"line":33,"column":55}},"29":{"start":{"line":34,"column":8},"end":{"line":34,"column":59}},"30":{"start":{"line":35,"column":8},"end":{"line":35,"column":53}},"31":{"start":{"line":36,"column":8},"end":{"line":36,"column":41}},"32":{"start":{"line":37,"column":8},"end":{"line":37,"column":39}},"33":{"start":{"line":39,"column":8},"end":{"line":44,"column":11}},"34":{"start":{"line":40,"column":12},"end":{"line":43,"column":84}},"35":{"start":{"line":41,"column":16},"end":{"line":41,"column":72}},"36":{"start":{"line":43,"column":16},"end":{"line":43,"column":84}},"37":{"start":{"line":122,"column":0},"end":{"line":157,"column":2}},"38":{"start":{"line":123,"column":4},"end":{"line":123,"column":54}},"39":{"start":{"line":125,"column":4},"end":{"line":156,"column":5}},"40":{"start":{"line":126,"column":8},"end":{"line":126,"column":54}},"41":{"start":{"line":127,"column":11},"end":{"line":156,"column":5}},"42":{"start":{"line":128,"column":8},"end":{"line":128,"column":49}},"43":{"start":{"line":129,"column":11},"end":{"line":156,"column":5}},"44":{"start":{"line":130,"column":8},"end":{"line":130,"column":69}},"45":{"start":{"line":131,"column":11},"end":{"line":156,"column":5}},"46":{"start":{"line":132,"column":8},"end":{"line":132,"column":50}},"47":{"start":{"line":133,"column":11},"end":{"line":156,"column":5}},"48":{"start":{"line":134,"column":8},"end":{"line":134,"column":50}},"49":{"start":{"line":135,"column":11},"end":{"line":156,"column":5}},"50":{"start":{"line":136,"column":8},"end":{"line":136,"column":59}},"51":{"start":{"line":137,"column":11},"end":{"line":156,"column":5}},"52":{"start":{"line":138,"column":8},"end":{"line":138,"column":54}},"53":{"start":{"line":140,"column":8},"end":{"line":155,"column":11}},"54":{"start":{"line":150,"column":16},"end":{"line":154,"column":17}},"55":{"start":{"line":151,"column":20},"end":{"line":151,"column":78}},"56":{"start":{"line":153,"column":20},"end":{"line":153,"column":87}},"57":{"start":{"line":159,"column":0},"end":{"line":169,"column":2}},"58":{"start":{"line":160,"column":4},"end":{"line":160,"column":54}},"59":{"start":{"line":162,"column":4},"end":{"line":168,"column":7}},"60":{"start":{"line":163,"column":8},"end":{"line":167,"column":9}},"61":{"start":{"line":164,"column":12},"end":{"line":164,"column":69}},"62":{"start":{"line":166,"column":12},"end":{"line":166,"column":78}},"63":{"start":{"line":171,"column":0},"end":{"line":185,"column":2}},"64":{"start":{"line":172,"column":4},"end":{"line":172,"column":54}},"65":{"start":{"line":174,"column":15},"end":{"line":176,"column":5}},"66":{"start":{"line":178,"column":4},"end":{"line":184,"column":7}},"67":{"start":{"line":179,"column":8},"end":{"line":183,"column":9}},"68":{"start":{"line":180,"column":12},"end":{"line":180,"column":64}},"69":{"start":{"line":182,"column":12},"end":{"line":182,"column":38}},"70":{"start":{"line":187,"column":0},"end":{"line":201,"column":2}},"71":{"start":{"line":188,"column":4},"end":{"line":188,"column":54}},"72":{"start":{"line":190,"column":15},"end":{"line":192,"column":5}},"73":{"start":{"line":194,"column":4},"end":{"line":200,"column":7}},"74":{"start":{"line":195,"column":8},"end":{"line":199,"column":9}},"75":{"start":{"line":196,"column":12},"end":{"line":196,"column":62}},"76":{"start":{"line":198,"column":12},"end":{"line":198,"column":38}},"77":{"start":{"line":203,"column":0},"end":{"line":221,"column":2}},"78":{"start":{"line":205,"column":15},"end":{"line":212,"column":5}},"79":{"start":{"line":214,"column":4},"end":{"line":220,"column":7}},"80":{"start":{"line":215,"column":8},"end":{"line":219,"column":9}},"81":{"start":{"line":216,"column":12},"end":{"line":216,"column":65}},"82":{"start":{"line":218,"column":12},"end":{"line":218,"column":38}},"83":{"start":{"line":223,"column":0},"end":{"line":233,"column":2}},"84":{"start":{"line":224,"column":4},"end":{"line":224,"column":54}},"85":{"
[...]
ne":88,"column":52}},"loc":{"start":{"line":88,"column":73},"end":{"line":94,"column":5}},"line":88},"6":{"name":"(anonymous_6)","decl":{"start":{"line":98,"column":23},"end":{"line":98,"column":24}},"loc":{"start":{"line":98,"column":37},"end":{"line":108,"column":1}},"line":98},"7":{"name":"(anonymous_7)","decl":{"start":{"line":101,"column":53},"end":{"line":101,"column":54}},"loc":{"start":{"line":101,"column":77},"end":{"line":107,"column":5}},"line":101},"8":{"name":"(anonymous_8)","decl":{"start":{"line":110,"column":16},"end":{"line":110,"column":17}},"loc":{"start":{"line":110,"column":30},"end":{"line":120,"column":1}},"line":110},"9":{"name":"(anonymous_9)","decl":{"start":{"line":113,"column":36},"end":{"line":113,"column":37}},"loc":{"start":{"line":113,"column":58},"end":{"line":119,"column":5}},"line":113}},"branchMap":{"0":{"loc":{"start":{"line":10,"column":4},"end":{"line":43,"column":5}},"type":"if","locations":[{"start":{"line":10,"column":4},"end":{"line":43,"column":5}},{"start":{"line":10,"column":4},"end":{"line":43,"column":5}}],"line":10},"1":{"loc":{"start":{"line":12,"column":11},"end":{"line":43,"column":5}},"type":"if","locations":[{"start":{"line":12,"column":11},"end":{"line":43,"column":5}},{"start":{"line":12,"column":11},"end":{"line":43,"column":5}}],"line":12},"2":{"loc":{"start":{"line":14,"column":11},"end":{"line":43,"column":5}},"type":"if","locations":[{"start":{"line":14,"column":11},"end":{"line":43,"column":5}},{"start":{"line":14,"column":11},"end":{"line":43,"column":5}}],"line":14},"3":{"loc":{"start":{"line":16,"column":11},"end":{"line":43,"column":5}},"type":"if","locations":[{"start":{"line":16,"column":11},"end":{"line":43,"column":5}},{"start":{"line":16,"column":11},"end":{"line":43,"column":5}}],"line":16},"4":{"loc":{"start":{"line":18,"column":11},"end":{"line":43,"column":5}},"type":"if","locations":[{"start":{"line":18,"column":11},"end":{"line":43,"column":5}},{"start":{"line":18,"column":11},"end":{"line":43,"column":5}}],"line":18},"5":{"loc":{"start":{"line":20,"column":11},"end":{"line":43,"column":5}},"type":"if","locations":[{"start":{"line":20,"column":11},"end":{"line":43,"column":5}},{"start":{"line":20,"column":11},"end":{"line":43,"column":5}}],"line":20},"6":{"loc":{"start":{"line":22,"column":11},"end":{"line":43,"column":5}},"type":"if","locations":[{"start":{"line":22,"column":11},"end":{"line":43,"column":5}},{"start":{"line":22,"column":11},"end":{"line":43,"column":5}}],"line":22},"7":{"loc":{"start":{"line":24,"column":11},"end":{"line":43,"column":5}},"type":"if","locations":[{"start":{"line":24,"column":11},"end":{"line":43,"column":5}},{"start":{"line":24,"column":11},"end":{"line":43,"column":5}}],"line":24},"8":{"loc":{"start":{"line":38,"column":12},"end":{"line":41,"column":84}},"type":"if","locations":[{"start":{"line":38,"column":12},"end":{"line":41,"column":84}},{"start":{"line":38,"column":12},"end":{"line":41,"column":84}}],"line":38},"9":{"loc":{"start":{"line":49,"column":4},"end":{"line":82,"column":5}},"type":"if","locations":[{"start":{"line":49,"column":4},"end":{"line":82,"column":5}},{"start":{"line":49,"column":4},"end":{"line":82,"column":5}}],"line":49},"10":{"loc":{"start":{"line":51,"column":11},"end":{"line":82,"column":5}},"type":"if","locations":[{"start":{"line":51,"column":11},"end":{"line":82,"column":5}},{"start":{"line":51,"column":11},"end":{"line":82,"column":5}}],"line":51},"11":{"loc":{"start":{"line":53,"column":11},"end":{"line":82,"column":5}},"type":"if","locations":[{"start":{"line":53,"column":11},"end":{"line":82,"column":5}},{"start":{"line":53,"column":11},"end":{"line":82,"column":5}}],"line":53},"12":{"loc":{"start":{"line":55,"column":11},"end":{"line":82,"column":5}},"type":"if","locations":[{"start":{"line":55,"column":11},"end":{"line":82,"column":5}},{"start":{"line":55,"column":11},"end":{"line":82,"column":5}}],"line":55},"13":{"loc":{"start":{"line":57,"column":11},"end":{"line":82,"column":5}},"type":"if","locations":[{"start":{"line":57,"column":11},"end":{"line":82,"column":5}},{"start":{"line":57,"column":11},"end":{"line":82,"column":5}}],"line":57},"14":{"loc":{"start":{"line":59,"column":11},"end":{"line":82,"column":5}},"type":"if","locations":[{"start":{"line":59,"column":11},"end":{"line":82,"column":5}},{"start":{"line":59,"column":11},"end":{"line":82,"column":5}}],"line":59},"15":{"loc":{"start":{"line":61,"column":11},"end":{"line":82,"column":5}},"type":"if","locations":[{"start":{"line":61,"column":11},"end":{"line":82,"column":5}},{"start":{"line":61,"column":11},"end":{"line":82,"column":5}}],"line":61},"16":{"loc":{"start":{"line":63,"column":11},"end":{"line":82,"column":5}},"type":"if","locations":[{"start":{"line":63,"column":11},"end":{"line":82,"column":5}},{"start":{"line":63,"column":11},"end":{"line":82,"column":5}}],"line":63},"17":{"loc":{"start":{"line":76,"column":16},"end":{"line":80,"column":17}},"type":"if","locations":[{"start":{"line":76,"column":16},"end":{"line":80,"column":17}},{"start":{"line":76,"column":16},"end":{"line":80,"column":17}}],"line":76},"18":{"loc":{"start":{"line":89,"column":8},"end":{"line":93,"column":9}},"type":"if","locations":[{"start":{"line":89,"column":8},"end":{"line":93,"column":9}},{"start":{"line":89,"column":8},"end":{"line":93,"column":9}}],"line":89},"19":{"loc":{"start":{"line":102,"column":8},"end":{"line":106,"column":9}},"type":"if","locations":[{"start":{"line":102,"column":8},"end":{"line":106,"column":9}},{"start":{"line":102,"column":8},"end":{"line":106,"column":9}}],"line":102},"20":{"loc":{"start":{"line":114,"column":8},"end":{"line":118,"column":9}},"type":"if","locations":[{"start":{"line":114,"column":8},"end":{"line":118,"column":9}},{"start":{"line":114,"column":8},"end":{"line":118,"column":9}}],"line":114}},"s":{"0":1,"1":1,"2":1,"3":1,"4":0,"5":0,"6":0,"7":0,"8":0,"9":0,"10":0,"11":0,"12":0,"13":0,"14":0,"15":0,"16":0,"17":0,"18":0,"19":0,"20":0,"21":0,"22":0,"23":0,"24":0,"25":0,"26":0,"27":1,"28":0,"29":0,"30":0,"31":0,"32":0,"33":0,"34":0,"35":0,"36":0,"37":0,"38":0,"39":0,"40":0,"41":0,"42":0,"43":0,"44":0,"45":0,"46":0,"47":0,"48":0,"49":1,"50":0,"51":0,"52":0,"53":0,"54":0,"55":1,"56":0,"57":0,"58":0,"59":0,"60":0,"61":1,"62":0,"63":0,"64":0,"65":0,"66":0,"67":1},"f":{"0":0,"1":0,"2":0,"3":0,"4":0,"5":0,"6":0,"7":0,"8":0,"9":0},"b":{"0":[0,0],"1":[0,0],"2":[0,0],"3":[0,0],"4":[0,0],"5":[0,0],"6":[0,0],"7":[0,0],"8":[0,0],"9":[0,0],"10":[0,0],"11":[0,0],"12":[0,0],"13":[0,0],"14":[0,0],"15":[0,0],"16":[0,0],"17":[0,0],"18":[0,0],"19":[0,0],"20":[0,0]},"_coverageSchema":"43e27e138ebf9cfc5966b082cf9a028302ed4184","hash":"e6ce6a625cdf971fd771f1dbbe22277ae0c3290b","contentHash":"7a4c7e4bb7a4a5b690fdf57d473f77184182aa37c6953ce3d55c3a61fbce60ee"},"C:\\overseasshoppingwebsite\\shoppingweb\\models\\addresses.js":{"path":"C:\\overseasshoppingwebsite\\shoppingweb\\models\\addresses.js","statementMap":{"0":{"start":{"line":1,"column":15},"end":{"line":1,"column":34}},"1":{"start":{"line":3,"column":20},"end":{"line":14,"column":30}},"2":{"start":{"line":16,"column":0},"end":{"line":16,"column":58}}},"fnMap":{},"branchMap":{},"s":{"0":1,"1":1,"2":1},"f":{},"b":{},"_coverageSchema":"43e27e138ebf9cfc5966b082cf9a028302ed4184","hash":"b1a67cb1498559a147d3e1701068033c2ee858f7","contentHash":"7dcf53b1a73735929e3d8eadf9f5acb7f9402b48111a82474e19b2502492924f"},"C:\\overseasshoppingwebsite\\shoppingweb\\routes\\classification.js":{"path":"C:\\overseasshoppingwebsite\\shoppingweb\\routes\\classification.js","statementMap":{"0":{"start":{"line":1,"column":21},"end":{"line":1,"column":56}},"1":{"start":{"line":2,"column":14},"end":{"line":2,"column":32}},"2":{"start":{"line":3,"column":13},"end":{"line":3,"column":29}},"3":{"start":{"line":5,"column":0},"end":{"line":30,"column":2}},"4":{"start":{"line":6,"column":4},"end":{"line":6,"column":54}},"5":{"start":{"line":8,"column":4},"end":{"line":29,"column":5}},"6":{"start":{"line":9,"column":8},"end":{"line":9,"column":52}},"7":{"start":{"line":10,"column":11},"end":{"line":29,"column":5}},"8":{"start":{"line":11,"column":8},"end":{"line":11,"column":53}},"9":{"start":{"line":12,"column":11},"end":{"line":29,"column":5}},"10":{"start":{"line":13,"column":8},"end":{"line":13,"column":56}},"11":{"start":{"line":15,"column":29},"end":{"line":15,"column":49}},"12":{"start":{"line":16,"column":8},"end":{"line":16,"column":51}},"13":{"start":{"line":17,"column":8},"end":{"line":17,"column":44}},"14":{"start":{"line":18,"column":8},"end":{"line":18,"column":46}},"15":{"start":{"line":19,"column":8},"end":{"line":19,"column":52}},"16":{"start":{"line":20,"column":8},"end":{"line":20,"column":48}},"17":{"start":{"line":21,"column":8},"end":{"line":21,"column":46}},"18":{"start":{"line":23,"column":8},"end":{"line":28,"column":11}},"19":{"start":{"line":24,"column":12},"end":{"line":27,"column":98}},"20":{"start":{"line":25,"column":16},"end":{"line":25,"column":79}},"21":{"start":{"line":27,"column":16},"end":{"line":27,"column":98}},"22":{"start":{"line":32,"column":0},"end":{"line":58,"column":2}},"23":{"start":{"line":33,"column":4},"end":{"line":33,"column":54}},"24":{"start":{"line":35,"column":4},"end":{"line":57,"column":5}},"25":{"start":{"line":36,"column":8},"end":{"line":36,"column":61}},"26":{"start":{"line":37,"column":11},"end":{"line":57,"column":5}},"27":{"start":{"line":38,"column":8},"end":{"line":38,"column":52}},"28":{"start":{"line":39,"column":11},"end":{"line":57,"column":5}},"29":{"start":{"line":40,"column":8},"end":{"line":40,"column":53}},"30":{"start":{"line":41,"column":11},"end":{"line":57,"column":5}},"31":{"start":{"line":42,"column":8},"end":{"line":42,"column":56}},"32":{"start":{"line":44,"column":8},"end":{"line":56,"column":15}},"33":{"start":{"line":51,"column":16},"end":{"line":55,"column":17}},"34":{"start":{"line":52,"column":20},"end":{"line":52,"column":85}},"35":{"start":{"line":54,"column":20},"end":{"line":54,"column":101}},"36":{"start":{"line":60,"column":0},"end":{"line":70,"column":2}},"37":{"start":{"line":61,"column":4},"end":{"line":61,"column":54}},"38":{"start":{"line":63,"column":4},"end":{"line":69,"column":7}},"39":{"start":{"line":64,"column":8},"end":{"line":68,"column":9}},"40":{"start":{"line":65,"column":12},"end":{"line":65,"column":76}},"41":{"start":{"line":67,"column":12},"end":{"line":67,"column":92}},"42":{"start":{"line":72,"column":0},"end":{"line":82,"column":2}},"43":{"start":{"line":73,"column":4},"end":{"line":73,"column":54}},"44":{"start":{"line":75,"column":4},"end":{"line":81,"column":7}},"45":{"start":{"line":76,"column":8},"end":{"line":80,"column":9}},"46":{"start":{"line":77,"column":12},"end":{"line":77,"column":72}},"47":{"start":{"line":79,"column":12},"end":{"line":79,"column":45}},"48":{"start":{"line":84,"column":0},"end":{"line":94,"column":2}},"49":{"start":{"line":85,"column":4},"end":{"line":85,"column":54}},"50":{"start":{"line":87,"column":4},"end":{"line":93,"column":7}},"51":{"start":{"line":88,"column":8},"end":{"line":92,"column":9}},"52":{"start":{"line":89,"column":12},"end":{"line":89,"column":72}},"53":{"start":{"line":91,"column":12},"end":{"line":91,"column":45}},"54":{"start":{"line":96,"column":0},"end":{"line":106,"column":2}},"55":{"start":{"line":97,"column":4},"end":{"line":97,"column":54}},"56":{"start":{"line":99,"column":4},"end":{"line":105,"column":7}},"57":{"start":{"line":100,"column":8},"end":{"line":104,"column":9}},"58":{"start":{"line":101,"column":12},"end":{"line":101,"column":72}},"59":{"start":{"line":103,"column":12},"end":{"line":103,"column":45}},"60":{"start":{"line":108,"column":0},"end":{"line":118,"column":2}},"61":{"start":{"line":109,"column":4},"end":{"line":109,"column":54}},"62":{"start":{"line":111,"column":4},"end":{"line":117,"column":7}},"63":{"start":{"line":112,"column":8},"end":{"line":116,"column":9}},"64":{"start":{"line":113,"column":12},"end":{"line":113,"column":72}},"65":{"start":{"line":115,"column":12},"end":{"line":115,"column":45}},"66":{"start":{"line":120,"column":0},"end":{"line":130,"column":2}},"67":{"start":{"line":121,"column":4},"end":{"line":121,"column":54}},"68":{"start":{"line":123,"column":4},"end":{"line":129,"column":6}},"69":{"start":{"line":124,"column":8},"end":{"line":128,"column":9}},"70":{"start":{"line":125,"column":12},"end":{"line":125,"column":71}},"71":{"start":{"line":127,"column":12},"end":{"line":127,"column":77}},"72":{"start":{"line":132,"column":0},"end":{"line":132,"column":24}}},"fnMap":{"0":{"name":"(anonymous_0)","decl":{"start":{"line":5,"column":13},"end":{"line":5,"column":14}},"loc":{"start":{"line":5,"column":27},"end":{"line":30,"column":1}},"line":5},"1":{"name":"(anonymous_1)","decl":{"start":{"line":23,"column":28},"end":{"line":23,"column":29}},"loc":{"start":{"line":23,"column":43},"end":{"line":28,"column":9}},"line":23},"2":{"name":"(anonymous_2)","decl":{"start":{"line":32,"column":14},"end":{"line":32,"column":15}},"loc":{"start":{"line":32,"column":28},"end":{"line":58,"column":1}},"line":32},"3":{"name":"(anonymous_3)","decl":{"start":{"line":50,"column":40},"end":{"line":50,"column":41}},"loc":{"start":{"line":50,"column":71},"end":{"line":56,"column":13}},"line":50},"4":{"name":"(anonymous_4)","decl":{"start":{"line":60,"column":16},"end":{"line":60,"column":17}},"loc":{"start":{"line":60,"column":30},"end":{"line":70,"column":1}},"line":60},"5":{"name":"(anonymous_5)","decl":{"start":{"line":63,"column":58},"end":{"line":63,"column":59}},"loc":{"start":{"line":63,"column":87},"end":{"line":69,"column":5}},"line":63},"6":{"name":"(anonymous_6)","decl":{"start":{"line":72,"column":33},"end":{"line":72,"column":34}},"loc":{"start":{"line":72,"column":47},"end":{"line":82,"column":1}},"line":72},"7":{"name":"(anonymous_7)","decl":{"start":{"line":75,"column":49},"end":{"line":75,"column":50}},"loc":{"start":{"line":75,"column":78},"end":{"line":81,"column":5}},"line":75},"8":{"name":"(anonymous_8)","decl":{"start":{"line":84,"column":39},"end":{"line":84,"column":40}},"loc":{"start":{"line":84,"column":53},"end":{"line":94,"column":1}},"line":84},"9":{"name":"(anonymous_9)","decl":{"start":{"line":87,"column":63},"end":{"line":87,"column":64}},"loc":{"start":{"line":87,"column":92},"end":{"line":93,"column":5}},"line":87},"10":{"name":"(anonymous_10)","decl":{"start":{"line":96,"column":34},"end":{"line":96,"column":35}},"loc":{"start":{"line":96,"column":48},"end":{"line":106,"column":1}},"line":96},"11":{"name":"(anonymous_11)","decl":{"start":{"line":99,"column":51},"end":{"line":99,"column":52}},"loc":{"start":{"line":99,"column":80},"end":{"line":105,"column":5}},"line":99},"12":{"name":"(anonymous_12)","decl":{"start":{"line":108,"column":40},"end":{"line":108,"column":41}},"loc":{"start":{"line":108,"column":54},"end":{"line":118,"column":1}},"line":108},"13":{"name":"(anonymous_13)","decl":{"start":{"line":111,"column":65},"end":{"line":111,"column":66}},"loc":{"start":{"line":111,"column":94},"end":{"line":117,"column":5}},"line":111},"14":{"name":"(anonymous_14)","decl":{"start":{"line":120,"column":28},"end":{"line":120,"column":29}},"loc":{"start":{"line":120,"column":42},"end":{"line":130,"column":1}},"line":120},"15":{"name":"(anonymous_15)","decl":{"start":{"line":123,"column":43},"end":{"line":123,"column":44}},"loc":{"start":{"line":123,"column":74},"end":{"line":129,"column":5}},"line":123}},"branchMap":{"0":{"loc":{"start":{"line":8,"column":4},"end":{"line":29,"column":5}},"type":"if","locations":[{"start":{"line":8,"column":4},"end":{"line":29,"column":5}},{"start":{"line":8,"column":4},"end":{"line":29,"column":5}}],"line":8},"1":{"loc":{"start":{"line":10,"column":11},"end":{"line":29,"column":5}},"type":"if","locations":[{"start":{"line":10,"column":11},"end":{"line":29,"column":5}},{"start":{"line":10,"column":11},"end":{"line":29,"column":5}}],"line":10},"2":{"loc":{"start":{"line":12,"column":11},"end":{"line":29,"column":5}},"type":"if","locations":[{"start":{"line":12,"column":11},"end":{"line":29,"column":5}},{"start":{"line":12,"column":11},"end":{"line":29,"column":5}}],"line":12},"3":{"loc":{"start":{"line":24,"column":12},"end":{"line":27,"column":98}},"type":"if","locations":[{"start":{"line":24,"column":12},"end":{"line":27,"column":98}},{"start":{"line":24,"column":12},"end":{"line":27,"column":98}}],"line":24},"4":{"loc":{"start":{"line":35,"column":4},"end":{"line":57,"column":5}},"type":"if","locations":[{"start":{"line":35,"column":4},"end":{"line":57,"column":5}},{"start":{"line":35,"column":4},"end":{"line":57,"column":5}}],"line":35},"5":{"loc":{"start":{"line":37,"column":11},"end":{"line":57,"column":5}},"type":"if","locations":[{"start":{"line":37,"column":11},"end":{"line":57,"column":5}},{"start":{"line":37,"column":11},"end":{"line":57,"column":5}}],"line":37},"6":{"loc":{"start":{"line":39,"column":11},"end":{"line":57,"column":5}},"type":"if","locations":[{"start":{"line":39,"column":11},"end":{"line":57,"column":5}},{"start":{"line":39,"column":11},"end":{"line":57,"column":5}}],"line":39},"7":{"loc":{"start":{"line":41,"column":11},"end":{"line":57,"column":5}},"type":"if","locations":[{"start":{"line":41,"column":11},"end":{"line":57,"column":5}},{"start":{"line":41,"column":11},"end":{"line":57,"column":5}}],"line":41},"8":{"loc":{"start":{"line":51,"column":16},"end":{"line":55,"column":17}},"type":"if","locations":[{"start":{"line":51,"column":16},"end":{"line":55,"column":17}},{"start":{"line":51,"column":16},"end":{"line":55,"column":17}}],"line":51},"9":{"loc":{"start":{"line":64,"column":8},"end":{"line":68,"column":9}},"type":"if","locations":[{"start":{"line":64,"column":8},"end":{"line":68,"column":9}},{"start":{"line":64,"column":8},"end":{"line":68,"column":9}}],"line":64},"10":{"loc":{"start":{"line":76,"column":8},"end":{"line":80,"column":9}},"type":"if","locations":[{"start":{"line":76,"column":8},"end":{"line":80,"column":9}},{"start":{"line":76,"column":8},"end":{"line":80,"column":9}}],"line":76},"11":{"loc":{"start":{"line":88,"column":8},"end":{"line":92,"column":9}},"type":"if","locations":[{"start":{"line":88,"column":8},"end":{"line":92,"column":9}},{"start":{"line":88,"column":8},"end":{"line":92,"column":9}}],"line":88},"12":{"loc":{"start":{"line":100,"column":8},"end":{"line":104,"column":9}},"type":"if","locations":[{"start":{"line":100,"column":8},"end":{"line":104,"column":9}},{"start":{"line":100,"column":8},"end":{"line":104,"column":9}}],"line":100},"13":{"loc":{"start":{"line":112,"column":8},"end":{"line":116,"column":9}},"type":"if","locations":[{"start":{"line":112,"column":8},"end":{"line":116,"column":9}},{"start":{"line":112,"column":8},"end":{"line":116,"column":9}}],"line":112},"14":{"loc":{"start":{"line":124,"column":8},"end":{"line":128,"column":9}},"type":"if","locations":[{"start":{"line":124,"column":8},"end":{"line":128,"column":9}},{"start":{"line":124,"column":8},"end":{"line":128,"column":9}}],"line":124}},"s":{"0":1,"1":1,"2":1,"3":1,"4":0,"5":0,"6":0,"7":0,"8":0,"9":0,"10":0,"11":0,"12":0,"13":0,"14":0,"15":0,"16":0,"17":0,"18":0,"19":0,"20":0,"21":0,"22":1,"23":0,"24":0,"25":0,"26":0,"27":0,"28":0,"29":0,"30":0,"31":0,"32":0,"33":0,"34":0,"35":0,"36":1,"37":0,"38":0,"39":0,"40":0,"41":0,"42":1,"43":0,"44":0,"45":0,"46":0,"47":0,"48":1,"49":1,"50":1,"51":1,"52":0,"53":1,"54":1,"55":0,"56":0,"57":0,"58":0,"59":0,"60":1,"61":1,"62":1,"63":1,"64":0,"65":1,"66":1,"67":0,"68":0,"69":0,"70":0,"71":0,"72":1},"f":{"0":0,"1":0,"2":0,"3":0,"4":0,"5":0,"6":0,"7":0,"8":1,"9":1,"10":0,"11":0,"12":1,"13":1,"14":0,"15":0},"b":{"0":[0,0],"1":[0,0],"2":[0,0],"3":[0,0],"4":[0,0],"5":[0,0],"6":[0,0],"7":[0,0],"8":[0,0],"9":[0,0],"10":[0,0],"11":[0,1],"12":[0,0],"13":[0,1],"14":[0,0]},"_coverageSchema":"43e27e138ebf9cfc5966b082cf9a028302ed4184","hash":"c222edd0615a8c1dd69c51240620580d43ed1af8","contentHash":"c63c2a2cdf8d3fd7c9c6c3d5df1bb0fc699cd7457d805985b527fb23f1cc0b5e"}}